TN:
SF:src/App.tsx
FN:8,(anonymous_0)
FN:9,(anonymous_1)
FN:10,(anonymous_2)
FN:11,(anonymous_3)
FN:12,(anonymous_4)
FN:13,(anonymous_5)
FN:14,(anonymous_6)
FN:15,(anonymous_7)
FN:16,(anonymous_8)
FN:17,(anonymous_9)
FN:18,(anonymous_10)
FN:19,(anonymous_11)
FN:20,(anonymous_12)
FN:21,(anonymous_13)
FN:22,(anonymous_14)
FN:23,(anonymous_15)
FN:24,(anonymous_16)
FN:25,(anonymous_17)
FN:26,(anonymous_18)
FN:27,(anonymous_19)
FN:28,(anonymous_20)
FN:29,(anonymous_21)
FN:30,(anonymous_22)
FN:31,(anonymous_23)
FN:33,App
FNF:25
FNH:0
FNDA:0,(anonymous_0)
FNDA:0,(anonymous_1)
FNDA:0,(anonymous_2)
FNDA:0,(anonymous_3)
FNDA:0,(anonymous_4)
FNDA:0,(anonymous_5)
FNDA:0,(anonymous_6)
FNDA:0,(anonymous_7)
FNDA:0,(anonymous_8)
FNDA:0,(anonymous_9)
FNDA:0,(anonymous_10)
FNDA:0,(anonymous_11)
FNDA:0,(anonymous_12)
FNDA:0,(anonymous_13)
FNDA:0,(anonymous_14)
FNDA:0,(anonymous_15)
FNDA:0,(anonymous_16)
FNDA:0,(anonymous_17)
FNDA:0,(anonymous_18)
FNDA:0,(anonymous_19)
FNDA:0,(anonymous_20)
FNDA:0,(anonymous_21)
FNDA:0,(anonymous_22)
FNDA:0,(anonymous_23)
FNDA:0,App
DA:8,0
DA:9,0
DA:10,0
DA:11,0
DA:12,0
DA:13,0
DA:14,0
DA:15,0
DA:16,0
DA:17,0
DA:18,0
DA:19,0
DA:20,0
DA:21,0
DA:22,0
DA:23,0
DA:24,0
DA:25,0
DA:26,0
DA:27,0
DA:28,0
DA:29,0
DA:30,0
DA:31,0
DA:34,0
LF:25
LH:0
BRF:0
BRH:0
end_of_record
TN:
SF:src/components/UserProfile/UserAddressCard.tsx
FN:7,UserAddressCard
FN:9,(anonymous_1)
FNF:2
FNH:0
FNDA:0,UserAddressCard
FNDA:0,(anonymous_1)
DA:8,0
DA:9,0
DA:11,0
DA:12,0
DA:14,0
LF:5
LH:0
BRF:0
BRH:0
end_of_record
TN:
SF:src/components/UserProfile/UserInfoCard.tsx
FN:7,UserInfoCard
FN:9,(anonymous_1)
FNF:2
FNH:0
FNDA:0,UserInfoCard
FNDA:0,(anonymous_1)
DA:8,0
DA:9,0
DA:11,0
DA:12,0
DA:14,0
LF:5
LH:0
BRF:0
BRH:0
end_of_record
TN:
SF:src/components/UserProfile/UserMetaCard.tsx
FN:7,UserMetaCard
FN:9,(anonymous_1)
FNF:2
FNH:0
FNDA:0,UserMetaCard
FNDA:0,(anonymous_1)
DA:8,0
DA:9,0
DA:11,0
DA:12,0
DA:14,0
LF:5
LH:0
BRF:0
BRH:0
end_of_record
TN:
SF:src/components/auth/AssignResidentUnitModal.tsx
FN:20,(anonymous_0)
FN:51,(anonymous_1)
FN:57,(anonymous_2)
FN:84,(anonymous_3)
FN:103,(anonymous_4)
FN:137,(anonymous_5)
FN:141,(anonymous_6)
FN:149,(anonymous_7)
FN:153,(anonymous_8)
FN:159,(anonymous_9)
FN:161,(anonymous_10)
FN:161,(anonymous_11)
FN:166,(anonymous_12)
FN:174,(anonymous_13)
FN:176,(anonymous_14)
FN:184,(anonymous_15)
FN:215,(anonymous_16)
FN:215,(anonymous_17)
FN:216,(anonymous_18)
FN:226,(anonymous_19)
FN:231,(anonymous_20)
FN:244,(anonymous_21)
FN:277,(anonymous_22)
FN:317,(anonymous_23)
FN:348,(anonymous_24)
FN:368,(anonymous_25)
FN:377,(anonymous_26)
FN:395,(anonymous_27)
FN:400,(anonymous_28)
FN:414,(anonymous_29)
FN:433,(anonymous_30)
FN:459,(anonymous_31)
FN:485,(anonymous_32)
FN:499,(anonymous_33)
FN:508,(anonymous_34)
FN:523,(anonymous_35)
FN:536,(anonymous_36)
FNF:37
FNH:10
FNDA:11,(anonymous_0)
FNDA:2,(anonymous_1)
FNDA:2,(anonymous_2)
FNDA:0,(anonymous_3)
FNDA:0,(anonymous_4)
FNDA:0,(anonymous_5)
FNDA:0,(anonymous_6)
FNDA:0,(anonymous_7)
FNDA:0,(anonymous_8)
FNDA:2,(anonymous_9)
FNDA:2,(anonymous_10)
FNDA:2,(anonymous_11)
FNDA:2,(anonymous_12)
FNDA:0,(anonymous_13)
FNDA:0,(anonymous_14)
FNDA:0,(anonymous_15)
FNDA:0,(anonymous_16)
FNDA:0,(anonymous_17)
FNDA:0,(anonymous_18)
FNDA:0,(anonymous_19)
FNDA:0,(anonymous_20)
FNDA:0,(anonymous_21)
FNDA:0,(anonymous_22)
FNDA:0,(anonymous_23)
FNDA:1,(anonymous_24)
FNDA:2,(anonymous_25)
FNDA:0,(anonymous_26)
FNDA:1,(anonymous_27)
FNDA:0,(anonymous_28)
FNDA:0,(anonymous_29)
FNDA:0,(anonymous_30)
FNDA:0,(anonymous_31)
FNDA:0,(anonymous_32)
FNDA:0,(anonymous_33)
FNDA:0,(anonymous_34)
FNDA:0,(anonymous_35)
FNDA:0,(anonymous_36)
DA:20,2
DA:25,11
DA:26,11
DA:27,11
DA:28,11
DA:29,11
DA:30,11
DA:31,11
DA:34,11
DA:35,11
DA:36,11
DA:39,11
DA:42,11
DA:46,11
DA:47,11
DA:48,11
DA:49,11
DA:51,11
DA:52,2
DA:53,2
DA:57,11
DA:58,2
DA:59,2
DA:60,2
DA:61,2
DA:62,2
DA:64,2
DA:68,2
DA:70,2
DA:71,0
DA:72,0
DA:73,0
DA:75,0
DA:79,2
DA:80,2
DA:81,2
DA:83,2
DA:84,2
DA:88,2
DA:90,2
DA:91,0
DA:94,0
DA:97,0
DA:99,2
DA:103,11
DA:104,0
DA:105,0
DA:106,0
DA:108,0
DA:109,0
DA:110,0
DA:111,0
DA:112,0
DA:114,0
DA:123,0
DA:124,0
DA:125,0
DA:128,0
DA:129,0
DA:131,0
DA:133,0
DA:137,11
DA:138,0
DA:139,0
DA:140,0
DA:141,0
DA:142,0
DA:143,0
DA:146,0
DA:149,11
DA:150,0
DA:153,11
DA:154,0
DA:155,0
DA:156,0
DA:159,11
DA:160,2
DA:161,2
DA:162,2
DA:163,0
DA:164,0
DA:166,2
DA:167,2
DA:168,1
DA:169,1
DA:171,1
DA:174,11
DA:175,0
DA:176,0
DA:177,0
DA:178,0
DA:179,0
DA:181,0
DA:184,11
DA:185,0
DA:186,0
DA:189,0
DA:190,0
DA:191,0
DA:192,0
DA:193,0
DA:194,0
DA:195,0
DA:196,0
DA:197,0
DA:198,0
DA:200,0
DA:201,0
DA:202,0
DA:203,0
DA:204,0
DA:205,0
DA:206,0
DA:210,0
DA:211,0
DA:212,0
DA:215,0
DA:216,0
DA:217,0
DA:218,0
DA:219,0
DA:221,0
DA:223,0
DA:225,0
DA:226,0
DA:227,0
DA:232,0
DA:233,0
DA:234,0
DA:236,0
DA:239,0
DA:243,0
DA:244,0
DA:245,0
DA:246,0
DA:247,0
DA:248,0
DA:253,0
DA:254,0
DA:255,0
DA:257,0
DA:261,0
DA:262,0
DA:266,0
DA:271,0
DA:273,0
DA:274,0
DA:276,0
DA:277,0
DA:278,0
DA:282,0
DA:283,0
DA:284,0
DA:285,0
DA:287,0
DA:288,0
DA:291,0
DA:294,0
DA:295,0
DA:296,0
DA:297,0
DA:300,0
DA:301,0
DA:306,0
DA:307,0
DA:308,0
DA:309,0
DA:311,0
DA:313,0
DA:317,11
DA:319,11
DA:348,1
DA:368,2
DA:377,0
DA:396,1
DA:400,0
DA:414,0
DA:433,0
DA:459,0
DA:485,0
DA:499,0
DA:508,0
DA:523,0
DA:536,0
LF:184
LH:57
BRDA:52,0,0,2
BRDA:52,0,1,0
BRDA:62,1,0,0
BRDA:62,1,1,2
BRDA:70,2,0,0
BRDA:70,2,1,2
BRDA:73,3,0,0
BRDA:73,3,1,0
BRDA:80,4,0,0
BRDA:80,4,1,2
BRDA:80,5,0,2
BRDA:80,5,1,2
BRDA:81,6,0,0
BRDA:81,6,1,2
BRDA:81,7,0,2
BRDA:81,7,1,2
BRDA:83,8,0,2
BRDA:83,8,1,0
BRDA:85,9,0,0
BRDA:85,9,1,0
BRDA:86,10,0,0
BRDA:86,10,1,0
BRDA:86,10,2,0
BRDA:90,11,0,0
BRDA:90,11,1,2
BRDA:104,12,0,0
BRDA:104,12,1,0
BRDA:112,13,0,0
BRDA:112,13,1,0
BRDA:123,14,0,0
BRDA:123,14,1,0
BRDA:125,15,0,0
BRDA:125,15,1,0
BRDA:139,16,0,0
BRDA:139,16,1,0
BRDA:142,17,0,0
BRDA:142,17,1,0
BRDA:162,18,0,0
BRDA:162,18,1,2
BRDA:167,19,0,1
BRDA:167,19,1,1
BRDA:177,20,0,0
BRDA:177,20,1,0
BRDA:190,21,0,0
BRDA:190,21,1,0
BRDA:190,22,0,0
BRDA:190,22,1,0
BRDA:192,23,0,0
BRDA:192,23,1,0
BRDA:193,24,0,0
BRDA:193,24,1,0
BRDA:195,25,0,0
BRDA:195,25,1,0
BRDA:200,26,0,0
BRDA:200,26,1,0
BRDA:203,27,0,0
BRDA:203,27,1,0
BRDA:212,28,0,0
BRDA:212,28,1,0
BRDA:232,29,0,0
BRDA:232,29,1,0
BRDA:253,30,0,0
BRDA:253,30,1,0
BRDA:261,31,0,0
BRDA:261,31,1,0
BRDA:262,32,0,0
BRDA:262,32,1,0
BRDA:271,33,0,0
BRDA:271,33,1,0
BRDA:276,34,0,0
BRDA:276,34,1,0
BRDA:282,35,0,0
BRDA:282,35,1,0
BRDA:284,36,0,0
BRDA:284,36,1,0
BRDA:284,37,0,0
BRDA:284,37,1,0
BRDA:285,38,0,0
BRDA:285,38,1,0
BRDA:285,39,0,0
BRDA:285,39,1,0
BRDA:287,40,0,0
BRDA:287,40,1,0
BRDA:287,41,0,0
BRDA:287,41,1,0
BRDA:294,42,0,0
BRDA:294,42,1,0
BRDA:311,43,0,0
BRDA:311,43,1,0
BRDA:322,44,0,2
BRDA:322,44,1,9
BRDA:324,45,0,0
BRDA:324,45,1,9
BRDA:326,46,0,9
BRDA:326,46,1,0
BRDA:326,47,0,9
BRDA:326,47,1,9
BRDA:334,48,0,9
BRDA:334,48,1,4
BRDA:353,49,0,9
BRDA:353,49,1,4
BRDA:374,50,0,4
BRDA:374,50,1,2
BRDA:379,51,0,4
BRDA:379,51,1,4
BRDA:389,52,0,9
BRDA:389,52,1,1
BRDA:411,53,0,1
BRDA:411,53,1,0
BRDA:416,54,0,1
BRDA:416,54,1,1
BRDA:426,55,0,9
BRDA:426,55,1,0
BRDA:433,56,0,0
BRDA:433,56,1,0
BRDA:459,57,0,0
BRDA:459,57,1,0
BRDA:485,58,0,0
BRDA:485,58,1,0
BRDA:494,59,0,0
BRDA:494,59,1,0
BRDA:500,60,0,0
BRDA:500,60,1,0
BRDA:533,61,0,0
BRDA:533,61,1,0
BRDA:542,62,0,0
BRDA:542,62,1,0
BRDA:567,63,0,0
BRDA:567,63,1,0
BRDA:572,64,0,0
BRDA:572,64,1,0
BRDA:574,65,0,0
BRDA:574,65,1,0
BRF:133
BRH:34
end_of_record
TN:
SF:src/components/auth/ProtectedRoute.tsx
FN:3,(anonymous_0)
FNF:1
FNH:1
FNDA:2,(anonymous_0)
DA:3,1
DA:4,2
DA:8,2
LF:3
LH:3
BRDA:8,0,0,1
BRDA:8,0,1,1
BRF:2
BRH:2
end_of_record
TN:
SF:src/components/auth/SignInForm.tsx
FN:20,SignInForm
FN:30,(anonymous_1)
FN:69,(anonymous_2)
FN:107,(anonymous_3)
FN:120,(anonymous_4)
FN:124,(anonymous_5)
FNF:6
FNH:4
FNDA:12,SignInForm
FNDA:2,(anonymous_1)
FNDA:0,(anonymous_2)
FNDA:2,(anonymous_3)
FNDA:2,(anonymous_4)
FNDA:0,(anonymous_5)
DA:21,12
DA:22,12
DA:23,12
DA:24,12
DA:25,12
DA:26,12
DA:27,12
DA:28,12
DA:30,12
DA:31,2
DA:32,2
DA:33,2
DA:35,2
DA:36,2
DA:44,2
DA:45,1
DA:46,1
DA:49,1
DA:50,1
DA:52,1
DA:53,1
DA:55,1
DA:57,0
DA:60,1
DA:63,1
DA:65,2
DA:69,12
DA:70,0
DA:72,0
DA:75,12
DA:107,2
DA:120,2
DA:124,0
LF:33
LH:29
BRDA:44,0,0,1
BRDA:44,0,1,1
BRDA:46,1,0,1
BRDA:46,1,1,0
BRDA:55,2,0,0
BRDA:55,2,1,1
BRDA:117,3,0,0
BRDA:117,3,1,12
BRDA:127,4,0,0
BRDA:127,4,1,12
BRDA:135,5,0,12
BRDA:135,5,1,1
BRDA:142,6,0,2
BRDA:142,6,1,10
BRDA:162,7,0,12
BRDA:162,7,1,0
BRDA:162,7,2,0
BRF:17
BRH:11
end_of_record
TN:
SF:src/components/auth/SignUpForm.tsx
FN:9,SignUpForm
FN:18,(anonymous_1)
FN:83,(anonymous_2)
FN:95,(anonymous_3)
FN:108,(anonymous_4)
FN:112,(anonymous_5)
FNF:6
FNH:0
FNDA:0,SignUpForm
FNDA:0,(anonymous_1)
FNDA:0,(anonymous_2)
FNDA:0,(anonymous_3)
FNDA:0,(anonymous_4)
FNDA:0,(anonymous_5)
DA:10,0
DA:11,0
DA:12,0
DA:13,0
DA:14,0
DA:15,0
DA:16,0
DA:18,0
DA:19,0
DA:20,0
DA:21,0
DA:23,0
DA:24,0
DA:25,0
DA:38,0
DA:39,0
DA:40,0
DA:43,0
DA:45,0
DA:47,0
DA:51,0
DA:83,0
DA:95,0
DA:108,0
DA:112,0
LF:25
LH:0
BRDA:38,0,0,0
BRDA:38,0,1,0
BRDA:40,1,0,0
BRDA:40,1,1,0
BRDA:106,2,0,0
BRDA:106,2,1,0
BRDA:115,3,0,0
BRDA:115,3,1,0
BRDA:123,4,0,0
BRDA:123,4,1,0
BRDA:130,5,0,0
BRDA:130,5,1,0
BRF:12
BRH:0
end_of_record
TN:
SF:src/components/charts/bar/BarChartOne.tsx
FN:4,BarChartOne
FN:80,(anonymous_1)
FNF:2
FNH:0
FNDA:0,BarChartOne
FNDA:0,(anonymous_1)
DA:5,0
DA:80,0
DA:84,0
DA:90,0
LF:4
LH:0
BRF:0
BRH:0
end_of_record
TN:
SF:src/components/charts/line/LineChartOne.tsx
FN:4,LineChartOne
FNF:1
FNH:0
FNDA:0,LineChartOne
DA:5,0
DA:103,0
DA:113,0
LF:3
LH:0
BRF:0
BRH:0
end_of_record
TN:
SF:src/components/common/ChartTab.tsx
FN:3,(anonymous_0)
FN:8,(anonymous_1)
FN:16,(anonymous_2)
FN:25,(anonymous_3)
FN:34,(anonymous_4)
FNF:5
FNH:0
FNDA:0,(anonymous_0)
FNDA:0,(anonymous_1)
FNDA:0,(anonymous_2)
FNDA:0,(anonymous_3)
FNDA:0,(anonymous_4)
DA:3,0
DA:4,0
DA:8,0
DA:9,0
DA:13,0
DA:16,0
DA:25,0
DA:34,0
LF:8
LH:0
BRDA:9,0,0,0
BRDA:9,0,1,0
BRF:2
BRH:0
end_of_record
TN:
SF:src/components/common/ComponentCard.tsx
FN:11,(anonymous_0)
FNF:1
FNH:1
FNDA:10,(anonymous_0)
DA:11,2
DA:18,10
DA:20,10
LF:3
LH:3
BRDA:14,0,0,10
BRDA:15,1,0,10
BRDA:30,2,0,10
BRDA:30,2,1,0
BRDA:42,3,0,10
BRDA:42,3,1,10
BRF:6
BRH:5
end_of_record
TN:
SF:src/components/common/FullScreenLoader.tsx
FN:7,(anonymous_0)
FNF:1
FNH:0
FNDA:0,(anonymous_0)
DA:7,0
DA:8,0
DA:9,0
DA:12,0
LF:4
LH:0
BRDA:8,0,0,0
BRDA:8,0,1,0
BRF:2
BRH:0
end_of_record
TN:
SF:src/components/common/GlobalAlerts.tsx
FN:5,(anonymous_0)
FN:12,(anonymous_1)
FN:24,(anonymous_2)
FN:39,(anonymous_3)
FN:66,(anonymous_4)
FNF:5
FNH:0
FNDA:0,(anonymous_0)
FNDA:0,(anonymous_1)
FNDA:0,(anonymous_2)
FNDA:0,(anonymous_3)
FNDA:0,(anonymous_4)
DA:5,0
DA:6,0
DA:8,0
DA:9,0
DA:12,0
DA:13,0
DA:15,0
DA:17,0
DA:20,0
DA:24,0
DA:25,0
DA:27,0
DA:29,0
DA:32,0
DA:36,0
DA:40,0
DA:66,0
LF:17
LH:0
BRDA:8,0,0,0
BRDA:8,0,1,0
BRDA:13,1,0,0
BRDA:13,1,1,0
BRDA:13,1,2,0
BRDA:13,1,3,0
BRDA:25,2,0,0
BRDA:25,2,1,0
BRDA:25,2,2,0
BRDA:25,2,3,0
BRDA:43,3,0,0
BRDA:43,3,1,0
BRDA:44,4,0,0
BRDA:44,4,1,0
BRDA:45,5,0,0
BRDA:45,5,1,0
BRDA:51,6,0,0
BRDA:51,6,1,0
BRDA:52,7,0,0
BRDA:52,7,1,0
BRDA:53,8,0,0
BRDA:53,8,1,0
BRDA:58,9,0,0
BRDA:58,9,1,0
BRDA:59,10,0,0
BRDA:59,10,1,0
BRDA:60,11,0,0
BRDA:60,11,1,0
BRF:28
BRH:0
end_of_record
TN:
SF:src/components/common/GridShape.tsx
FN:1,GridShape
FNF:1
FNH:0
FNDA:0,GridShape
DA:2,0
LF:1
LH:0
BRF:0
BRH:0
end_of_record
TN:
SF:src/components/common/Notification.tsx
FN:10,(anonymous_0)
FNF:1
FNH:0
FNDA:0,(anonymous_0)
DA:10,0
DA:11,0
DA:12,0
DA:18,0
LF:4
LH:0
BRF:0
BRH:0
end_of_record
TN:
SF:src/components/common/NotificationContainer.tsx
FN:5,(anonymous_0)
FN:11,(anonymous_1)
FN:17,(anonymous_2)
FNF:3
FNH:0
FNDA:0,(anonymous_0)
FNDA:0,(anonymous_1)
FNDA:0,(anonymous_2)
DA:5,0
DA:6,0
DA:8,0
DA:12,0
DA:17,0
LF:5
LH:0
BRF:0
BRH:0
end_of_record
TN:
SF:src/components/common/PageBreadCrumb.tsx
FN:7,(anonymous_0)
FNF:1
FNH:1
FNDA:10,(anonymous_0)
DA:7,2
DA:8,10
LF:2
LH:2
BRF:0
BRH:0
end_of_record
TN:
SF:src/components/common/PageMeta.tsx
FN:3,(anonymous_0)
FN:16,(anonymous_1)
FNF:2
FNH:1
FNDA:10,(anonymous_0)
FNDA:0,(anonymous_1)
DA:3,2
DA:10,10
DA:16,2
DA:17,0
LF:4
LH:3
BRF:0
BRH:0
end_of_record
TN:
SF:src/components/common/RouteFallback.tsx
FN:1,RouteFallback
FNF:1
FNH:0
FNDA:0,RouteFallback
DA:2,0
LF:1
LH:0
BRF:0
BRH:0
end_of_record
TN:
SF:src/components/common/ScrollToTop.tsx
FN:4,ScrollToTop
FN:7,(anonymous_1)
FNF:2
FNH:0
FNDA:0,ScrollToTop
FNDA:0,(anonymous_1)
DA:5,0
DA:7,0
DA:8,0
DA:15,0
LF:4
LH:0
BRF:0
BRH:0
end_of_record
TN:
SF:src/components/common/ThemeToggleButton.tsx
FN:3,(anonymous_0)
FNF:1
FNH:0
FNDA:0,(anonymous_0)
DA:3,0
DA:4,0
DA:6,0
LF:3
LH:0
BRF:0
BRH:0
end_of_record
TN:
SF:src/components/common/ThemeTogglerTwo.tsx
FN:3,ThemeTogglerTwo
FNF:1
FNH:0
FNDA:0,ThemeTogglerTwo
DA:4,0
DA:5,0
LF:2
LH:0
BRF:0
BRH:0
end_of_record
TN:
SF:src/components/common/alerts/ErrorAlert.tsx
FN:7,(anonymous_0)
FNF:1
FNH:0
FNDA:0,(anonymous_0)
DA:7,1
DA:8,0
LF:2
LH:1
BRF:0
BRH:0
end_of_record
TN:
SF:src/components/common/alerts/SuccessAlert.tsx
FN:7,(anonymous_0)
FNF:1
FNH:0
FNDA:0,(anonymous_0)
DA:7,1
DA:8,0
LF:2
LH:1
BRF:0
BRH:0
end_of_record
TN:
SF:src/components/ecommerce/CountryMap.tsx
FN:10,(anonymous_0)
FNF:1
FNH:0
FNDA:0,(anonymous_0)
DA:10,0
DA:11,0
LF:2
LH:0
BRDA:61,0,0,0
BRDA:61,0,1,0
BRF:2
BRH:0
end_of_record
TN:
SF:src/components/ecommerce/DemographicCard.tsx
FN:6,(anonymous_0)
FN:8,DemographicCard
FN:11,toggleDropdown
FN:15,closeDropdown
FNF:4
FNH:0
FNDA:0,(anonymous_0)
FNDA:0,DemographicCard
FNDA:0,toggleDropdown
FNDA:0,closeDropdown
DA:6,0
DA:9,0
DA:12,0
DA:16,0
DA:18,0
LF:5
LH:0
BRF:0
BRH:0
end_of_record
TN:
SF:src/components/ecommerce/EcommerceMetrics.tsx
FN:9,EcommerceMetrics
FNF:1
FNH:0
FNDA:0,EcommerceMetrics
DA:10,0
LF:1
LH:0
BRF:0
BRH:0
end_of_record
TN:
SF:src/components/ecommerce/MonthlySalesChart.tsx
FN:8,MonthlySalesChart
FN:84,(anonymous_1)
FN:96,toggleDropdown
FN:100,closeDropdown
FNF:4
FNH:0
FNDA:0,MonthlySalesChart
FNDA:0,(anonymous_1)
FNDA:0,toggleDropdown
FNDA:0,closeDropdown
DA:9,0
DA:84,0
DA:88,0
DA:94,0
DA:97,0
DA:101,0
DA:103,0
LF:7
LH:0
BRF:0
BRH:0
end_of_record
TN:
SF:src/components/ecommerce/MonthlyTarget.tsx
FN:8,MonthlyTarget
FN:41,(anonymous_1)
FN:59,toggleDropdown
FN:63,closeDropdown
FNF:4
FNH:0
FNDA:0,MonthlyTarget
FNDA:0,(anonymous_1)
FNDA:0,toggleDropdown
FNDA:0,closeDropdown
DA:9,0
DA:10,0
DA:42,0
DA:57,0
DA:60,0
DA:64,0
DA:66,0
LF:7
LH:0
BRF:0
BRH:0
end_of_record
TN:
SF:src/components/ecommerce/RecentOrders.tsx
FN:71,RecentOrders
FN:160,(anonymous_1)
FNF:2
FNH:0
FNDA:0,RecentOrders
FNDA:0,(anonymous_1)
DA:23,0
DA:72,0
DA:161,0
LF:3
LH:0
BRDA:191,0,0,0
BRDA:191,0,1,0
BRDA:193,1,0,0
BRDA:193,1,1,0
BRF:4
BRH:0
end_of_record
TN:
SF:src/components/ecommerce/StatisticsChart.tsx
FN:5,StatisticsChart
FNF:1
FNH:0
FNDA:0,StatisticsChart
DA:6,0
DA:104,0
DA:114,0
LF:3
LH:0
BRF:0
BRH:0
end_of_record
TN:
SF:src/components/expenses/ExpensesCard.tsx
FN:16,(anonymous_0)
FNF:1
FNH:0
FNDA:0,(anonymous_0)
DA:16,0
DA:25,0
LF:2
LH:0
BRDA:23,0,0,0
BRDA:39,1,0,0
BRDA:39,1,1,0
BRDA:41,2,0,0
BRDA:41,2,1,0
BRDA:43,3,0,0
BRDA:43,3,1,0
BRF:7
BRH:0
end_of_record
TN:
SF:src/components/expenses/MonthlyExpensesTable.tsx
FN:15,(anonymous_0)
FN:31,(anonymous_1)
FN:46,(anonymous_2)
FN:50,(anonymous_3)
FN:68,(anonymous_4)
FN:98,(anonymous_5)
FN:104,(anonymous_6)
FN:106,(anonymous_7)
FN:109,(anonymous_8)
FN:113,(anonymous_9)
FN:114,(anonymous_10)
FN:117,(anonymous_11)
FN:118,(anonymous_12)
FN:118,(anonymous_13)
FN:121,(anonymous_14)
FN:125,(anonymous_15)
FN:182,(anonymous_16)
FN:187,(anonymous_17)
FN:193,(anonymous_18)
FN:198,(anonymous_19)
FN:211,(anonymous_20)
FN:237,(anonymous_21)
FN:240,(anonymous_22)
FN:243,(anonymous_23)
FN:248,(anonymous_24)
FN:252,(anonymous_25)
FN:261,(anonymous_26)
FN:271,(anonymous_27)
FN:276,(anonymous_28)
FN:301,(anonymous_29)
FN:302,(anonymous_30)
FNF:31
FNH:0
FNDA:0,(anonymous_0)
FNDA:0,(anonymous_1)
FNDA:0,(anonymous_2)
FNDA:0,(anonymous_3)
FNDA:0,(anonymous_4)
FNDA:0,(anonymous_5)
FNDA:0,(anonymous_6)
FNDA:0,(anonymous_7)
FNDA:0,(anonymous_8)
FNDA:0,(anonymous_9)
FNDA:0,(anonymous_10)
FNDA:0,(anonymous_11)
FNDA:0,(anonymous_12)
FNDA:0,(anonymous_13)
FNDA:0,(anonymous_14)
FNDA:0,(anonymous_15)
FNDA:0,(anonymous_16)
FNDA:0,(anonymous_17)
FNDA:0,(anonymous_18)
FNDA:0,(anonymous_19)
FNDA:0,(anonymous_20)
FNDA:0,(anonymous_21)
FNDA:0,(anonymous_22)
FNDA:0,(anonymous_23)
FNDA:0,(anonymous_24)
FNDA:0,(anonymous_25)
FNDA:0,(anonymous_26)
FNDA:0,(anonymous_27)
FNDA:0,(anonymous_28)
FNDA:0,(anonymous_29)
FNDA:0,(anonymous_30)
DA:15,0
DA:21,0
DA:22,0
DA:23,0
DA:25,0
DA:26,0
DA:27,0
DA:28,0
DA:29,0
DA:31,0
DA:32,0
DA:33,0
DA:34,0
DA:35,0
DA:36,0
DA:37,0
DA:39,0
DA:44,0
DA:45,0
DA:46,0
DA:47,0
DA:48,0
DA:50,0
DA:51,0
DA:64,0
DA:65,0
DA:67,0
DA:68,0
DA:84,0
DA:87,0
DA:88,0
DA:90,0
DA:92,0
DA:94,0
DA:98,0
DA:99,0
DA:100,0
DA:104,0
DA:105,0
DA:106,0
DA:109,0
DA:110,0
DA:113,0
DA:114,0
DA:117,0
DA:118,0
DA:121,0
DA:122,0
DA:123,0
DA:125,0
DA:126,0
DA:128,0
DA:129,0
DA:130,0
DA:131,0
DA:135,0
DA:137,0
DA:138,0
DA:139,0
DA:140,0
DA:143,0
DA:144,0
DA:145,0
DA:147,0
DA:155,0
DA:161,0
DA:162,0
DA:163,0
DA:166,0
DA:167,0
DA:171,0
DA:172,0
DA:174,0
DA:177,0
DA:181,0
DA:182,0
DA:188,0
DA:193,0
DA:199,0
DA:212,0
DA:213,0
DA:216,0
DA:217,0
DA:219,0
DA:220,0
DA:221,0
DA:222,0
DA:223,0
DA:230,0
DA:238,0
DA:240,0
DA:242,0
DA:243,0
DA:245,0
DA:248,0
DA:252,0
DA:262,0
DA:263,0
DA:265,0
DA:271,0
DA:276,0
DA:288,0
DA:301,0
DA:303,0
DA:304,0
DA:306,0
LF:106
LH:0
BRDA:36,0,0,0
BRDA:36,0,1,0
BRDA:44,1,0,0
BRDA:44,1,1,0
BRDA:47,2,0,0
BRDA:47,2,1,0
BRDA:48,3,0,0
BRDA:48,3,1,0
BRDA:59,4,0,0
BRDA:59,4,1,0
BRDA:67,5,0,0
BRDA:67,5,1,0
BRDA:82,6,0,0
BRDA:82,6,1,0
BRDA:87,7,0,0
BRDA:87,7,1,0
BRDA:99,8,0,0
BRDA:99,8,1,0
BRDA:118,9,0,0
BRDA:118,9,1,0
BRDA:128,10,0,0
BRDA:128,10,1,0
BRDA:128,11,0,0
BRDA:128,11,1,0
BRDA:137,12,0,0
BRDA:137,12,1,0
BRDA:137,13,0,0
BRDA:137,13,1,0
BRDA:145,14,0,0
BRDA:145,14,1,0
BRDA:161,15,0,0
BRDA:161,15,1,0
BRDA:163,16,0,0
BRDA:163,16,1,0
BRDA:166,17,0,0
BRDA:166,17,1,0
BRDA:171,18,0,0
BRDA:171,18,1,0
BRDA:182,19,0,0
BRDA:182,19,1,0
BRDA:189,20,0,0
BRDA:189,20,1,0
BRDA:199,21,0,0
BRDA:199,21,1,0
BRDA:203,22,0,0
BRDA:203,22,1,0
BRDA:212,23,0,0
BRDA:212,23,1,0
BRDA:219,24,0,0
BRDA:219,24,1,0
BRDA:238,25,0,0
BRDA:238,25,1,0
BRDA:240,26,0,0
BRDA:240,26,1,0
BRDA:242,27,0,0
BRDA:242,27,1,0
BRDA:243,28,0,0
BRDA:243,28,1,0
BRDA:247,29,0,0
BRDA:247,29,1,0
BRDA:262,30,0,0
BRDA:262,30,1,0
BRDA:270,31,0,0
BRDA:270,31,1,0
BRDA:277,32,0,0
BRDA:277,32,1,0
BRDA:277,32,2,0
BRDA:280,33,0,0
BRDA:280,33,1,0
BRDA:303,34,0,0
BRDA:303,34,1,0
BRF:71
BRH:0
end_of_record
TN:
SF:src/components/expenses/RecurringExpensesTable.tsx
FN:29,(anonymous_0)
FN:40,(anonymous_1)
FN:70,(anonymous_2)
FN:74,(anonymous_3)
FN:75,(anonymous_4)
FN:78,(anonymous_5)
FN:83,(anonymous_6)
FN:88,(anonymous_7)
FN:97,(anonymous_8)
FN:102,(anonymous_9)
FN:108,(anonymous_10)
FN:121,(anonymous_11)
FN:158,(anonymous_12)
FN:159,(anonymous_13)
FNF:14
FNH:0
FNDA:0,(anonymous_0)
FNDA:0,(anonymous_1)
FNDA:0,(anonymous_2)
FNDA:0,(anonymous_3)
FNDA:0,(anonymous_4)
FNDA:0,(anonymous_5)
FNDA:0,(anonymous_6)
FNDA:0,(anonymous_7)
FNDA:0,(anonymous_8)
FNDA:0,(anonymous_9)
FNDA:0,(anonymous_10)
FNDA:0,(anonymous_11)
FNDA:0,(anonymous_12)
FNDA:0,(anonymous_13)
DA:29,0
DA:35,0
DA:36,0
DA:37,0
DA:38,0
DA:40,0
DA:41,0
DA:42,0
DA:43,0
DA:44,0
DA:45,0
DA:46,0
DA:48,0
DA:50,0
DA:51,0
DA:52,0
DA:55,0
DA:56,0
DA:59,0
DA:60,0
DA:62,0
DA:64,0
DA:66,0
DA:70,0
DA:71,0
DA:74,0
DA:75,0
DA:78,0
DA:79,0
DA:82,0
DA:83,0
DA:89,0
DA:97,0
DA:102,0
DA:109,0
DA:122,0
DA:123,0
DA:125,0
DA:130,0
DA:158,0
DA:160,0
DA:161,0
LF:42
LH:0
BRDA:45,0,0,0
BRDA:45,0,1,0
BRDA:50,1,0,0
BRDA:50,1,1,0
BRDA:52,2,0,0
BRDA:52,2,1,0
BRDA:56,3,0,0
BRDA:56,3,1,0
BRDA:59,4,0,0
BRDA:59,4,1,0
BRDA:89,5,0,0
BRDA:89,5,1,0
BRDA:93,6,0,0
BRDA:93,6,1,0
BRDA:109,7,0,0
BRDA:109,7,1,0
BRDA:113,8,0,0
BRDA:113,8,1,0
BRDA:122,9,0,0
BRDA:122,9,1,0
BRDA:145,10,0,0
BRDA:145,10,1,0
BRDA:147,11,0,0
BRDA:147,11,1,0
BRDA:149,12,0,0
BRDA:149,12,1,0
BRF:26
BRH:0
end_of_record
TN:
SF:src/components/form/Form.tsx
FN:9,(anonymous_0)
FN:12,(anonymous_1)
FNF:2
FNH:0
FNDA:0,(anonymous_0)
FNDA:0,(anonymous_1)
DA:9,0
DA:10,0
DA:13,0
DA:14,0
LF:4
LH:0
BRF:0
BRH:0
end_of_record
TN:
SF:src/components/form/Label.tsx
FN:11,(anonymous_0)
FNF:1
FNH:1
FNDA:33,(anonymous_0)
DA:11,3
DA:12,33
LF:2
LH:2
BRF:0
BRH:0
end_of_record
TN:
SF:src/components/form/MultiSelect.tsx
FN:17,(anonymous_0)
FN:28,(anonymous_1)
FN:29,(anonymous_2)
FN:32,(anonymous_3)
FN:34,(anonymous_4)
FN:41,(anonymous_5)
FN:42,(anonymous_6)
FN:48,(anonymous_7)
FN:48,(anonymous_8)
FN:63,(anonymous_9)
FN:71,(anonymous_10)
FN:134,(anonymous_11)
FN:137,(anonymous_12)
FN:141,(anonymous_13)
FNF:14
FNH:0
FNDA:0,(anonymous_0)
FNDA:0,(anonymous_1)
FNDA:0,(anonymous_2)
FNDA:0,(anonymous_3)
FNDA:0,(anonymous_4)
FNDA:0,(anonymous_5)
FNDA:0,(anonymous_6)
FNDA:0,(anonymous_7)
FNDA:0,(anonymous_8)
FNDA:0,(anonymous_9)
FNDA:0,(anonymous_10)
FNDA:0,(anonymous_11)
FNDA:0,(anonymous_12)
FNDA:0,(anonymous_13)
DA:17,0
DA:24,0
DA:26,0
DA:28,0
DA:29,0
DA:32,0
DA:33,0
DA:34,0
DA:37,0
DA:38,0
DA:41,0
DA:42,0
DA:43,0
DA:44,0
DA:47,0
DA:48,0
DA:51,0
DA:64,0
DA:72,0
DA:73,0
DA:134,0
DA:138,0
DA:141,0
LF:23
LH:0
BRDA:20,0,0,0
BRDA:22,1,0,0
BRDA:29,2,0,0
BRDA:29,2,1,0
BRDA:33,3,0,0
BRDA:33,3,1,0
BRDA:48,4,0,0
BRDA:48,4,1,0
BRDA:62,5,0,0
BRDA:62,5,1,0
BRDA:111,6,0,0
BRDA:111,6,1,0
BRDA:131,7,0,0
BRDA:131,7,1,0
BRDA:145,8,0,0
BRDA:145,8,1,0
BRF:16
BRH:0
end_of_record
TN:
SF:src/components/form/Select.tsx
FN:16,(anonymous_0)
FN:26,(anonymous_1)
FN:51,(anonymous_2)
FNF:3
FNH:0
FNDA:0,(anonymous_0)
FNDA:0,(anonymous_1)
FNDA:0,(anonymous_2)
DA:16,2
DA:24,0
DA:26,0
DA:27,0
DA:28,0
DA:29,0
DA:32,0
DA:52,0
LF:8
LH:1
BRDA:18,0,0,0
BRDA:20,1,0,0
BRDA:21,2,0,0
BRDA:35,3,0,0
BRDA:35,3,1,0
BRF:5
BRH:0
end_of_record
TN:
SF:src/components/form/date-picker.tsx
FN:20,DatePicker
FN:28,(anonymous_1)
FN:47,(anonymous_2)
FNF:3
FNH:0
FNDA:0,DatePicker
FNDA:0,(anonymous_1)
FNDA:0,(anonymous_2)
DA:28,0
DA:29,0
DA:36,0
DA:37,0
DA:45,0
DA:47,0
DA:48,0
DA:51,0
DA:55,0
LF:9
LH:0
BRDA:30,0,0,0
BRDA:30,0,1,0
BRDA:30,1,0,0
BRDA:30,1,1,0
BRDA:31,2,0,0
BRDA:31,2,1,0
BRDA:36,3,0,0
BRDA:36,3,1,0
BRDA:48,4,0,0
BRDA:48,4,1,0
BRDA:57,5,0,0
BRDA:57,5,1,0
BRF:12
BRH:0
end_of_record
TN:
SF:src/components/form/form-elements/CheckboxComponents.tsx
FN:5,CheckboxComponents
FNF:1
FNH:0
FNDA:0,CheckboxComponents
DA:6,0
DA:7,0
DA:8,0
DA:9,0
LF:4
LH:0
BRF:0
BRH:0
end_of_record
TN:
SF:src/components/form/form-elements/DefaultInputs.tsx
FN:9,DefaultInputs
FN:16,(anonymous_1)
FN:48,(anonymous_2)
FN:65,(anonymous_3)
FN:79,(anonymous_4)
FNF:5
FNH:0
FNDA:0,DefaultInputs
FNDA:0,(anonymous_1)
FNDA:0,(anonymous_2)
FNDA:0,(anonymous_3)
FNDA:0,(anonymous_4)
DA:10,0
DA:11,0
DA:16,0
DA:17,0
DA:20,0
DA:48,0
DA:67,0
DA:79,0
LF:8
LH:0
BRDA:44,0,0,0
BRDA:44,0,1,0
BRDA:51,1,0,0
BRDA:51,1,1,0
BRF:4
BRH:0
end_of_record
TN:
SF:src/components/form/form-elements/DropZone.tsx
FN:5,(anonymous_0)
FN:6,(anonymous_1)
FNF:2
FNH:0
FNDA:0,(anonymous_0)
FNDA:0,(anonymous_1)
DA:5,0
DA:6,0
DA:7,0
DA:11,0
DA:20,0
LF:5
LH:0
BRDA:27,0,0,0
BRDA:27,0,1,0
BRDA:59,1,0,0
BRDA:59,1,1,0
BRF:4
BRH:0
end_of_record
TN:
SF:src/components/form/form-elements/FileInputExample.tsx
FN:5,FileInputExample
FN:6,(anonymous_1)
FNF:2
FNH:0
FNDA:0,FileInputExample
FNDA:0,(anonymous_1)
DA:6,0
DA:7,0
DA:8,0
DA:9,0
DA:13,0
LF:5
LH:0
BRDA:8,0,0,0
BRDA:8,0,1,0
BRF:2
BRH:0
end_of_record
TN:
SF:src/components/form/form-elements/InputGroup.tsx
FN:7,InputGroup
FN:14,(anonymous_1)
FNF:2
FNH:0
FNDA:0,InputGroup
FNDA:0,(anonymous_1)
DA:8,0
DA:14,0
DA:15,0
DA:17,0
LF:4
LH:0
BRF:0
BRH:0
end_of_record
TN:
SF:src/components/form/form-elements/InputStates.tsx
FN:5,InputStates
FN:11,(anonymous_1)
FN:18,(anonymous_2)
FN:23,(anonymous_3)
FNF:4
FNH:0
FNDA:0,InputStates
FNDA:0,(anonymous_1)
FNDA:0,(anonymous_2)
FNDA:0,(anonymous_3)
DA:6,0
DA:7,0
DA:8,0
DA:11,0
DA:13,0
DA:14,0
DA:15,0
DA:18,0
DA:19,0
DA:20,0
DA:21,0
DA:23,0
DA:24,0
DA:25,0
DA:26,0
DA:28,0
LF:16
LH:0
BRDA:43,0,0,0
BRDA:43,0,1,0
BRDA:56,1,0,0
BRDA:56,1,1,0
BRF:4
BRH:0
end_of_record
TN:
SF:src/components/form/form-elements/RadioButtons.tsx
FN:5,RadioButtons
FN:8,(anonymous_1)
FNF:2
FNH:0
FNDA:0,RadioButtons
FNDA:0,(anonymous_1)
DA:6,0
DA:8,0
DA:9,0
DA:11,0
LF:4
LH:0
BRF:0
BRH:0
end_of_record
TN:
SF:src/components/form/form-elements/SelectInputs.tsx
FN:7,SelectInputs
FN:13,(anonymous_1)
FN:42,(anonymous_2)
FNF:3
FNH:0
FNDA:0,SelectInputs
FNDA:0,(anonymous_1)
FNDA:0,(anonymous_2)
DA:8,0
DA:13,0
DA:14,0
DA:16,0
DA:18,0
DA:25,0
DA:42,0
LF:7
LH:0
BRF:0
BRH:0
end_of_record
TN:
SF:src/components/form/form-elements/TextAreaInput.tsx
FN:6,TextAreaInput
FN:17,(anonymous_1)
FN:35,(anonymous_2)
FNF:3
FNH:0
FNDA:0,TextAreaInput
FNDA:0,(anonymous_1)
FNDA:0,(anonymous_2)
DA:7,0
DA:8,0
DA:9,0
DA:17,0
DA:35,0
LF:5
LH:0
BRF:0
BRH:0
end_of_record
TN:
SF:src/components/form/form-elements/ToggleSwitch.tsx
FN:4,ToggleSwitch
FN:5,(anonymous_1)
FNF:2
FNH:0
FNDA:0,ToggleSwitch
FNDA:0,(anonymous_1)
DA:5,0
DA:6,0
DA:8,0
LF:3
LH:0
BRDA:6,0,0,0
BRDA:6,0,1,0
BRF:2
BRH:0
end_of_record
TN:
SF:src/components/form/group-input/PhoneInput.tsx
FN:15,(anonymous_0)
FN:25,(anonymous_1)
FN:29,(anonymous_2)
FN:38,(anonymous_3)
FN:56,(anonymous_4)
FN:106,(anonymous_5)
FNF:6
FNH:0
FNDA:0,(anonymous_0)
FNDA:0,(anonymous_1)
FNDA:0,(anonymous_2)
FNDA:0,(anonymous_3)
FNDA:0,(anonymous_4)
FNDA:0,(anonymous_5)
DA:15,0
DA:21,0
DA:22,0
DA:24,0
DA:25,0
DA:29,0
DA:30,0
DA:31,0
DA:32,0
DA:33,0
DA:34,0
DA:38,0
DA:39,0
DA:40,0
DA:41,0
DA:42,0
DA:46,0
DA:57,0
DA:107,0
LF:19
LH:0
BRDA:17,0,0,0
BRDA:19,1,0,0
BRDA:33,2,0,0
BRDA:33,2,1,0
BRDA:41,3,0,0
BRDA:41,3,1,0
BRDA:49,4,0,0
BRDA:49,4,1,0
BRDA:94,5,0,0
BRDA:94,5,1,0
BRDA:99,6,0,0
BRDA:99,6,1,0
BRF:12
BRH:0
end_of_record
TN:
SF:src/components/form/input/Checkbox.tsx
FN:12,(anonymous_0)
FN:33,(anonymous_1)
FNF:2
FNH:0
FNDA:0,(anonymous_0)
FNDA:0,(anonymous_1)
DA:12,0
DA:20,0
DA:33,0
LF:3
LH:0
BRDA:17,0,0,0
BRDA:18,1,0,0
BRDA:23,2,0,0
BRDA:23,2,1,0
BRDA:36,3,0,0
BRDA:36,3,1,0
BRDA:54,4,0,0
BRDA:54,4,1,0
BRDA:73,5,0,0
BRDA:73,5,1,0
BRF:10
BRH:0
end_of_record
TN:
SF:src/components/form/input/FileInput.tsx
FN:8,(anonymous_0)
FNF:1
FNH:0
FNDA:0,(anonymous_0)
DA:8,0
DA:9,0
LF:2
LH:0
BRF:0
BRH:0
end_of_record
TN:
SF:src/components/form/input/InputField.tsx
FN:22,(anonymous_0)
FNF:1
FNH:1
FNDA:24,(anonymous_0)
DA:22,1
DA:39,24
DA:41,24
DA:42,0
DA:43,24
DA:44,0
DA:45,24
DA:46,0
DA:48,24
DA:51,24
LF:10
LH:7
BRDA:23,0,0,24
BRDA:29,1,0,24
BRDA:33,2,0,24
BRDA:34,3,0,24
BRDA:35,4,0,24
BRDA:37,5,0,24
BRDA:41,6,0,0
BRDA:41,6,1,24
BRDA:43,7,0,0
BRDA:43,7,1,24
BRDA:45,8,0,0
BRDA:45,8,1,24
BRDA:68,9,0,24
BRDA:68,9,1,0
BRDA:71,10,0,0
BRDA:71,10,1,0
BRDA:73,11,0,0
BRDA:73,11,1,0
BRF:18
BRH:10
end_of_record
TN:
SF:src/components/form/input/Radio.tsx
FN:12,(anonymous_0)
FN:37,(anonymous_1)
FNF:2
FNH:0
FNDA:0,(anonymous_0)
FNDA:0,(anonymous_1)
DA:12,0
DA:22,0
DA:37,0
LF:3
LH:0
BRDA:19,0,0,0
BRDA:20,1,0,0
BRDA:26,2,0,0
BRDA:26,2,1,0
BRDA:37,3,0,0
BRDA:37,3,1,0
BRDA:43,4,0,0
BRDA:43,4,1,0
BRDA:47,5,0,0
BRDA:47,5,1,0
BRDA:54,6,0,0
BRDA:54,6,1,0
BRF:12
BRH:0
end_of_record
TN:
SF:src/components/form/input/RadioSm.tsx
FN:11,(anonymous_0)
FN:33,(anonymous_1)
FNF:2
FNH:0
FNDA:0,(anonymous_0)
FNDA:0,(anonymous_1)
DA:11,0
DA:20,0
DA:33,0
LF:3
LH:0
BRDA:18,0,0,0
BRDA:39,1,0,0
BRDA:39,1,1,0
BRDA:47,2,0,0
BRDA:47,2,1,0
BRF:5
BRH:0
end_of_record
TN:
SF:src/components/form/input/TextArea.tsx
FN:14,(anonymous_0)
FN:24,(anonymous_1)
FNF:2
FNH:0
FNDA:0,(anonymous_0)
FNDA:0,(anonymous_1)
DA:14,0
DA:24,0
DA:25,0
DA:26,0
DA:30,0
DA:32,0
DA:33,0
DA:34,0
DA:35,0
DA:37,0
DA:40,0
LF:11
LH:0
BRDA:15,0,0,0
BRDA:16,1,0,0
BRDA:17,2,0,0
BRDA:19,3,0,0
BRDA:20,4,0,0
BRDA:21,5,0,0
BRDA:22,6,0,0
BRDA:25,7,0,0
BRDA:25,7,1,0
BRDA:32,8,0,0
BRDA:32,8,1,0
BRDA:34,9,0,0
BRDA:34,9,1,0
BRDA:50,10,0,0
BRDA:50,10,1,0
BRDA:53,11,0,0
BRDA:53,11,1,0
BRF:17
BRH:0
end_of_record
TN:
SF:src/components/form/switch/Switch.tsx
FN:11,(anonymous_0)
FN:20,(anonymous_1)
FNF:2
FNH:0
FNDA:0,(anonymous_0)
FNDA:0,(anonymous_1)
DA:11,0
DA:18,0
DA:20,0
DA:21,0
DA:22,0
DA:23,0
DA:24,0
DA:25,0
DA:30,0
DA:48,0
LF:10
LH:0
BRDA:13,0,0,0
BRDA:14,1,0,0
BRDA:16,2,0,0
BRDA:21,3,0,0
BRDA:21,3,1,0
BRDA:24,4,0,0
BRDA:24,4,1,0
BRDA:30,5,0,0
BRDA:30,5,1,0
BRDA:32,6,0,0
BRDA:32,6,1,0
BRDA:35,7,0,0
BRDA:35,7,1,0
BRDA:40,8,0,0
BRDA:40,8,1,0
BRDA:43,9,0,0
BRDA:43,9,1,0
BRDA:51,10,0,0
BRDA:51,10,1,0
BRDA:58,11,0,0
BRDA:58,11,1,0
BRF:21
BRH:0
end_of_record
TN:
SF:src/components/gas/GasConsumptionCard.tsx
FN:24,(anonymous_0)
FN:32,(anonymous_1)
FN:44,(anonymous_2)
FN:71,(anonymous_3)
FN:81,(anonymous_4)
FNF:5
FNH:0
FNDA:0,(anonymous_0)
FNDA:0,(anonymous_1)
FNDA:0,(anonymous_2)
FNDA:0,(anonymous_3)
FNDA:0,(anonymous_4)
DA:24,0
DA:32,0
DA:33,0
DA:34,0
DA:35,0
DA:36,0
DA:38,0
DA:39,0
DA:41,0
DA:44,0
DA:45,0
DA:46,0
DA:47,0
DA:50,0
DA:52,0
DA:72,0
DA:73,0
DA:76,0
DA:78,0
DA:81,0
LF:20
LH:0
BRDA:29,0,0,0
BRDA:33,1,0,0
BRDA:33,1,1,0
BRDA:35,2,0,0
BRDA:35,2,1,0
BRDA:36,3,0,0
BRDA:36,3,1,0
BRDA:38,4,0,0
BRDA:38,4,1,0
BRDA:39,5,0,0
BRDA:39,5,1,0
BRDA:45,6,0,0
BRDA:45,6,1,0
BRDA:47,7,0,0
BRDA:47,7,1,0
BRDA:54,8,0,0
BRDA:54,8,1,0
BRDA:73,9,0,0
BRDA:73,9,1,0
BRDA:89,10,0,0
BRDA:89,10,1,0
BRF:21
BRH:0
end_of_record
TN:
SF:src/components/header/Header.tsx
FN:12,(anonymous_0)
FN:15,(anonymous_1)
FNF:2
FNH:0
FNDA:0,(anonymous_0)
FNDA:0,(anonymous_1)
DA:12,0
DA:13,0
DA:15,0
DA:16,0
DA:19,0
LF:5
LH:0
BRDA:150,0,0,0
BRDA:150,0,1,0
BRF:2
BRH:0
end_of_record
TN:
SF:src/components/header/NotificationDropdown.tsx
FN:5,NotificationDropdown
FN:9,toggleDropdown
FN:13,closeDropdown
FN:17,(anonymous_3)
FNF:4
FNH:0
FNDA:0,NotificationDropdown
FNDA:0,toggleDropdown
FNDA:0,closeDropdown
FNDA:0,(anonymous_3)
DA:6,0
DA:7,0
DA:10,0
DA:14,0
DA:17,0
DA:18,0
DA:19,0
DA:21,0
LF:8
LH:0
BRDA:29,0,0,0
BRDA:29,0,1,0
BRF:2
BRH:0
end_of_record
TN:
SF:src/components/header/UserDropdown.tsx
FN:17,UserDropdown
FN:24,(anonymous_1)
FN:43,toggleDropdown
FN:47,closeDropdown
FN:51,(anonymous_4)
FNF:5
FNH:0
FNDA:0,UserDropdown
FNDA:0,(anonymous_1)
FNDA:0,toggleDropdown
FNDA:0,closeDropdown
FNDA:0,(anonymous_4)
DA:18,0
DA:19,0
DA:20,0
DA:21,0
DA:22,0
DA:24,0
DA:25,0
DA:26,0
DA:27,0
DA:28,0
DA:29,0
DA:30,0
DA:32,0
DA:36,0
DA:37,0
DA:38,0
DA:39,0
DA:44,0
DA:48,0
DA:51,0
DA:52,0
DA:53,0
DA:56,0
LF:23
LH:0
BRDA:26,0,0,0
BRDA:26,0,1,0
BRDA:37,1,0,0
BRDA:37,1,1,0
BRDA:63,2,0,0
BRDA:63,2,1,0
BRDA:65,3,0,0
BRDA:65,3,1,0
BRDA:75,4,0,0
BRDA:75,4,1,0
BRF:10
BRH:0
end_of_record
TN:
SF:src/components/modal/AccountingAlertModal.tsx
FN:10,(anonymous_0)
FNF:1
FNH:0
FNDA:0,(anonymous_0)
DA:10,0
DA:16,0
DA:17,0
DA:20,0
LF:4
LH:0
BRDA:16,0,0,0
BRDA:16,0,1,0
BRF:2
BRH:0
end_of_record
TN:
SF:src/components/modal/AddAccountModal.tsx
FN:14,(anonymous_0)
FN:28,(anonymous_1)
FN:41,(anonymous_2)
FN:90,(anonymous_3)
FN:121,(anonymous_4)
FN:161,(anonymous_5)
FN:173,(anonymous_6)
FN:200,(anonymous_7)
FN:212,(anonymous_8)
FN:223,(anonymous_9)
FN:235,(anonymous_10)
FN:247,(anonymous_11)
FNF:12
FNH:0
FNDA:0,(anonymous_0)
FNDA:0,(anonymous_1)
FNDA:0,(anonymous_2)
FNDA:0,(anonymous_3)
FNDA:0,(anonymous_4)
FNDA:0,(anonymous_5)
FNDA:0,(anonymous_6)
FNDA:0,(anonymous_7)
FNDA:0,(anonymous_8)
FNDA:0,(anonymous_9)
FNDA:0,(anonymous_10)
FNDA:0,(anonymous_11)
DA:14,0
DA:19,0
DA:20,0
DA:21,0
DA:22,0
DA:23,0
DA:24,0
DA:25,0
DA:26,0
DA:28,0
DA:29,0
DA:30,0
DA:31,0
DA:32,0
DA:33,0
DA:34,0
DA:35,0
DA:36,0
DA:37,0
DA:41,0
DA:42,0
DA:43,0
DA:44,0
DA:45,0
DA:47,0
DA:48,0
DA:49,0
DA:50,0
DA:51,0
DA:52,0
DA:56,0
DA:62,0
DA:72,0
DA:73,0
DA:74,0
DA:76,0
DA:77,0
DA:78,0
DA:80,0
DA:81,0
DA:85,0
DA:86,0
DA:87,0
DA:88,0
DA:90,0
DA:91,0
DA:92,0
DA:94,0
DA:95,0
DA:96,0
DA:100,0
DA:101,0
DA:106,0
DA:115,0
DA:116,0
DA:117,0
DA:118,0
DA:119,0
DA:121,0
DA:122,0
DA:123,0
DA:125,0
DA:126,0
DA:127,0
DA:132,0
DA:134,0
DA:135,0
DA:136,0
DA:137,0
DA:140,0
DA:146,0
DA:155,0
DA:156,0
DA:157,0
DA:158,0
DA:159,0
DA:161,0
DA:162,0
DA:163,0
DA:165,0
DA:166,0
DA:167,0
DA:171,0
DA:172,0
DA:173,0
DA:174,0
DA:177,0
DA:178,0
DA:180,0
DA:183,0
DA:187,0
DA:200,0
DA:212,0
DA:223,0
DA:235,0
DA:248,0
DA:249,0
LF:97
LH:0
BRDA:29,0,0,0
BRDA:29,0,1,0
BRDA:49,1,0,0
BRDA:49,1,1,0
BRDA:72,2,0,0
BRDA:72,2,1,0
BRDA:73,3,0,0
BRDA:73,3,1,0
BRDA:88,4,0,0
BRDA:88,4,1,0
BRDA:100,5,0,0
BRDA:100,5,1,0
BRDA:115,6,0,0
BRDA:115,6,1,0
BRDA:119,7,0,0
BRDA:119,7,1,0
BRDA:132,8,0,0
BRDA:132,8,1,0
BRDA:134,9,0,0
BRDA:134,9,1,0
BRDA:134,10,0,0
BRDA:134,10,1,0
BRDA:155,11,0,0
BRDA:155,11,1,0
BRDA:159,12,0,0
BRDA:159,12,1,0
BRDA:177,13,0,0
BRDA:177,13,1,0
BRDA:178,14,0,0
BRDA:178,14,1,0
BRDA:248,15,0,0
BRDA:248,15,1,0
BRDA:258,16,0,0
BRDA:258,16,1,0
BRDA:259,17,0,0
BRDA:259,17,1,0
BRDA:263,18,0,0
BRDA:263,18,1,0
BRF:38
BRH:0
end_of_record
TN:
SF:src/components/modal/AddExpenseModal.tsx
FN:34,(anonymous_0)
FN:60,(anonymous_1)
FN:60,(anonymous_2)
FN:61,(anonymous_3)
FN:63,(anonymous_4)
FN:65,(anonymous_5)
FN:65,(anonymous_6)
FN:67,(anonymous_7)
FN:72,(anonymous_8)
FN:94,(anonymous_9)
FN:102,(anonymous_10)
FN:103,(anonymous_11)
FN:104,(anonymous_12)
FN:108,(anonymous_13)
FN:175,(anonymous_14)
FN:190,(anonymous_15)
FN:199,(anonymous_16)
FN:220,(anonymous_17)
FN:235,(anonymous_18)
FN:246,(anonymous_19)
FN:262,(anonymous_20)
FN:264,(anonymous_21)
FN:270,(anonymous_22)
FN:272,(anonymous_23)
FN:279,(anonymous_24)
FN:281,(anonymous_25)
FN:304,(anonymous_26)
FN:304,(anonymous_27)
FN:310,(anonymous_28)
FN:332,(anonymous_29)
FNF:30
FNH:0
FNDA:0,(anonymous_0)
FNDA:0,(anonymous_1)
FNDA:0,(anonymous_2)
FNDA:0,(anonymous_3)
FNDA:0,(anonymous_4)
FNDA:0,(anonymous_5)
FNDA:0,(anonymous_6)
FNDA:0,(anonymous_7)
FNDA:0,(anonymous_8)
FNDA:0,(anonymous_9)
FNDA:0,(anonymous_10)
FNDA:0,(anonymous_11)
FNDA:0,(anonymous_12)
FNDA:0,(anonymous_13)
FNDA:0,(anonymous_14)
FNDA:0,(anonymous_15)
FNDA:0,(anonymous_16)
FNDA:0,(anonymous_17)
FNDA:0,(anonymous_18)
FNDA:0,(anonymous_19)
FNDA:0,(anonymous_20)
FNDA:0,(anonymous_21)
FNDA:0,(anonymous_22)
FNDA:0,(anonymous_23)
FNDA:0,(anonymous_24)
FNDA:0,(anonymous_25)
FNDA:0,(anonymous_26)
FNDA:0,(anonymous_27)
FNDA:0,(anonymous_28)
FNDA:0,(anonymous_29)
DA:34,0
DA:43,0
DA:44,0
DA:45,0
DA:46,0
DA:47,0
DA:48,0
DA:49,0
DA:50,0
DA:51,0
DA:52,0
DA:53,0
DA:54,0
DA:55,0
DA:56,0
DA:58,0
DA:60,0
DA:61,0
DA:63,0
DA:64,0
DA:65,0
DA:67,0
DA:72,0
DA:73,0
DA:74,0
DA:75,0
DA:76,0
DA:77,0
DA:78,0
DA:79,0
DA:80,0
DA:81,0
DA:82,0
DA:83,0
DA:84,0
DA:85,0
DA:86,0
DA:87,0
DA:90,0
DA:94,0
DA:95,0
DA:96,0
DA:98,0
DA:102,0
DA:103,0
DA:104,0
DA:108,0
DA:109,0
DA:110,0
DA:111,0
DA:112,0
DA:114,0
DA:115,0
DA:116,0
DA:117,0
DA:120,0
DA:121,0
DA:124,0
DA:125,0
DA:126,0
DA:127,0
DA:129,0
DA:130,0
DA:133,0
DA:144,0
DA:145,0
DA:147,0
DA:159,0
DA:168,0
DA:169,0
DA:170,0
DA:173,0
DA:174,0
DA:175,0
DA:176,0
DA:179,0
DA:181,0
DA:185,0
DA:190,0
DA:199,0
DA:220,0
DA:235,0
DA:246,0
DA:262,0
DA:264,0
DA:270,0
DA:272,0
DA:279,0
DA:281,0
DA:304,0
DA:305,0
DA:310,0
DA:332,0
LF:93
LH:0
BRDA:41,0,0,0
BRDA:61,1,0,0
BRDA:61,1,1,0
BRDA:64,2,0,0
BRDA:64,2,1,0
BRDA:73,3,0,0
BRDA:73,3,1,0
BRDA:95,4,0,0
BRDA:95,4,1,0
BRDA:104,5,0,0
BRDA:104,5,1,0
BRDA:116,6,0,0
BRDA:116,6,1,0
BRDA:124,7,0,0
BRDA:124,7,1,0
BRDA:129,8,0,0
BRDA:129,8,1,0
BRDA:129,9,0,0
BRDA:129,9,1,0
BRDA:129,9,2,0
BRDA:135,10,0,0
BRDA:135,10,1,0
BRDA:135,11,0,0
BRDA:135,11,1,0
BRDA:140,12,0,0
BRDA:140,12,1,0
BRDA:144,13,0,0
BRDA:144,13,1,0
BRDA:155,14,0,0
BRDA:155,14,1,0
BRDA:168,15,0,0
BRDA:168,15,1,0
BRDA:170,16,0,0
BRDA:170,16,1,0
BRDA:192,17,0,0
BRDA:192,17,1,0
BRDA:201,18,0,0
BRDA:201,18,1,0
BRDA:229,19,0,0
BRDA:229,19,1,0
BRDA:236,20,0,0
BRDA:236,20,1,0
BRDA:243,21,0,0
BRDA:243,21,1,0
BRDA:254,22,0,0
BRDA:254,22,1,0
BRDA:276,23,0,0
BRDA:276,23,1,0
BRDA:286,24,0,0
BRDA:286,24,1,0
BRDA:317,25,0,0
BRDA:317,25,1,0
BRDA:331,26,0,0
BRDA:331,26,1,0
BRDA:337,27,0,0
BRDA:337,27,1,0
BRDA:338,28,0,0
BRDA:338,28,1,0
BRDA:342,29,0,0
BRDA:342,29,1,0
BRF:60
BRH:0
end_of_record
TN:
SF:src/components/modal/AddGasConsumptionModal.tsx
FN:19,(anonymous_0)
FN:22,(anonymous_1)
FN:29,(anonymous_2)
FN:35,(anonymous_3)
FN:44,(anonymous_4)
FN:59,(anonymous_5)
FNF:6
FNH:0
FNDA:0,(anonymous_0)
FNDA:0,(anonymous_1)
FNDA:0,(anonymous_2)
FNDA:0,(anonymous_3)
FNDA:0,(anonymous_4)
FNDA:0,(anonymous_5)
DA:19,0
DA:20,0
DA:22,0
DA:23,0
DA:25,0
DA:29,0
DA:31,0
DA:32,0
DA:35,0
DA:36,0
DA:37,0
DA:38,0
DA:42,0
DA:44,0
DA:45,0
DA:47,0
DA:49,0
DA:50,0
DA:53,0
DA:54,0
DA:56,0
DA:59,0
DA:60,0
DA:62,0
DA:63,0
DA:66,0
DA:67,0
DA:68,0
DA:70,0
DA:71,0
DA:73,0
LF:31
LH:0
BRDA:23,0,0,0
BRDA:23,0,1,0
BRDA:25,1,0,0
BRDA:25,1,1,0
BRDA:36,2,0,0
BRDA:36,2,1,0
BRDA:42,3,0,0
BRDA:42,3,1,0
BRDA:45,4,0,0
BRDA:45,4,1,0
BRDA:49,5,0,0
BRDA:49,5,1,0
BRDA:50,6,0,0
BRDA:50,6,1,0
BRDA:53,7,0,0
BRDA:53,7,1,0
BRDA:54,8,0,0
BRDA:54,8,1,0
BRDA:60,9,0,0
BRDA:60,9,1,0
BRDA:63,10,0,0
BRDA:63,10,1,0
BRDA:68,11,0,0
BRDA:68,11,1,0
BRDA:99,12,0,0
BRDA:99,12,1,0
BRDA:109,13,0,0
BRDA:109,13,1,0
BRF:28
BRH:0
end_of_record
TN:
SF:src/components/modal/AddIncomeModal.tsx
FN:29,(anonymous_0)
FN:45,(anonymous_1)
FN:58,(anonymous_2)
FN:64,(anonymous_3)
FN:108,(anonymous_4)
FN:139,(anonymous_5)
FN:159,(anonymous_6)
FN:161,(anonymous_7)
FN:171,(anonymous_8)
FN:176,(anonymous_9)
FN:188,(anonymous_10)
FN:201,(anonymous_11)
FNF:12
FNH:2
FNDA:5,(anonymous_0)
FNDA:2,(anonymous_1)
FNDA:0,(anonymous_2)
FNDA:0,(anonymous_3)
FNDA:0,(anonymous_4)
FNDA:0,(anonymous_5)
FNDA:0,(anonymous_6)
FNDA:0,(anonymous_7)
FNDA:0,(anonymous_8)
FNDA:0,(anonymous_9)
FNDA:0,(anonymous_10)
FNDA:0,(anonymous_11)
DA:29,1
DA:36,5
DA:37,5
DA:38,5
DA:39,5
DA:40,5
DA:41,5
DA:42,5
DA:43,5
DA:45,5
DA:46,2
DA:47,2
DA:48,2
DA:49,2
DA:50,2
DA:51,2
DA:52,2
DA:53,2
DA:54,2
DA:58,5
DA:59,0
DA:60,0
DA:64,5
DA:65,0
DA:66,0
DA:67,0
DA:68,0
DA:70,0
DA:71,0
DA:72,0
DA:73,0
DA:76,0
DA:77,0
DA:80,0
DA:81,0
DA:83,0
DA:92,0
DA:101,0
DA:102,0
DA:103,0
DA:106,0
DA:107,0
DA:108,0
DA:109,0
DA:113,0
DA:115,0
DA:119,5
DA:139,0
DA:159,0
DA:161,0
DA:171,0
DA:177,0
DA:188,0
DA:201,0
LF:54
LH:22
BRDA:46,0,0,2
BRDA:46,0,1,0
BRDA:59,1,0,0
BRDA:59,1,1,0
BRDA:72,2,0,0
BRDA:72,2,1,0
BRDA:76,3,0,0
BRDA:76,3,1,0
BRDA:76,4,0,0
BRDA:76,4,1,0
BRDA:76,4,2,0
BRDA:76,4,3,0
BRDA:76,4,4,0
BRDA:101,5,0,0
BRDA:101,5,1,0
BRDA:103,6,0,0
BRDA:103,6,1,0
BRDA:152,7,0,5
BRDA:152,7,1,0
BRDA:167,8,0,0
BRDA:167,8,1,5
BRDA:179,9,0,0
BRDA:179,9,1,0
BRDA:210,10,0,5
BRDA:210,10,1,0
BRDA:211,11,0,5
BRDA:211,11,1,0
BRDA:215,12,0,0
BRDA:215,12,1,5
BRF:29
BRH:6
end_of_record
TN:
SF:src/components/modal/BulkAddUnitsModal.tsx
FN:10,(anonymous_0)
FN:15,(anonymous_1)
FN:20,(anonymous_2)
FN:28,(anonymous_3)
FN:33,(anonymous_4)
FN:33,(anonymous_5)
FN:39,(anonymous_6)
FN:50,(anonymous_7)
FN:62,(anonymous_8)
FN:75,(anonymous_9)
FN:136,(anonymous_10)
FNF:11
FNH:9
FNDA:15,(anonymous_0)
FNDA:0,(anonymous_1)
FNDA:0,(anonymous_2)
FNDA:2,(anonymous_3)
FNDA:3,(anonymous_4)
FNDA:3,(anonymous_5)
FNDA:3,(anonymous_6)
FNDA:1,(anonymous_7)
FNDA:2,(anonymous_8)
FNDA:2,(anonymous_9)
FNDA:2,(anonymous_10)
DA:10,2
DA:11,15
DA:12,15
DA:13,15
DA:15,15
DA:16,0
DA:17,0
DA:19,0
DA:20,0
DA:21,0
DA:22,0
DA:25,0
DA:28,15
DA:29,2
DA:30,2
DA:31,2
DA:33,3
DA:34,2
DA:35,0
DA:36,0
DA:37,0
DA:39,3
DA:40,2
DA:41,1
DA:42,1
DA:43,1
DA:46,1
DA:47,1
DA:48,1
DA:50,1
DA:51,1
DA:52,1
DA:53,1
DA:55,1
DA:59,1
DA:61,1
DA:62,1
DA:63,2
DA:76,2
DA:77,2
DA:81,1
DA:84,1
DA:85,1
DA:86,1
DA:88,0
DA:89,0
DA:91,1
DA:95,15
DA:97,8
DA:136,2
LF:50
LH:38
BRDA:17,0,0,0
BRDA:17,0,1,0
BRDA:21,1,0,0
BRDA:21,1,1,0
BRDA:34,2,0,0
BRDA:34,2,1,2
BRDA:40,3,0,1
BRDA:40,3,1,1
BRDA:48,4,0,0
BRDA:48,4,1,1
BRDA:76,5,0,0
BRDA:76,5,1,2
BRDA:89,6,0,0
BRDA:89,6,1,0
BRDA:95,7,0,7
BRDA:95,7,1,8
BRDA:110,8,0,8
BRDA:110,8,1,1
BRDA:154,9,0,15
BRDA:154,9,1,7
BRDA:157,10,0,1
BRDA:157,10,1,7
BRF:22
BRH:13
end_of_record
TN:
SF:src/components/modal/ConfirmationModal.tsx
FN:14,(anonymous_0)
FNF:1
FNH:0
FNDA:0,(anonymous_0)
DA:14,0
DA:24,0
DA:25,0
DA:28,0
LF:4
LH:0
BRDA:20,0,0,0
BRDA:21,1,0,0
BRDA:22,2,0,0
BRDA:24,3,0,0
BRDA:24,3,1,0
BRDA:79,4,0,0
BRDA:79,4,1,0
BRF:7
BRH:0
end_of_record
TN:
SF:src/components/modal/EditAccountModal.tsx
FN:12,(anonymous_0)
FN:17,(anonymous_1)
FN:25,(anonymous_2)
FN:31,(anonymous_3)
FNF:4
FNH:0
FNDA:0,(anonymous_0)
FNDA:0,(anonymous_1)
FNDA:0,(anonymous_2)
FNDA:0,(anonymous_3)
DA:12,0
DA:13,0
DA:14,0
DA:15,0
DA:17,0
DA:19,0
DA:20,0
DA:21,0
DA:25,0
DA:26,0
DA:27,0
DA:31,0
DA:32,0
DA:33,0
DA:35,0
DA:36,0
DA:38,0
DA:39,0
DA:40,0
DA:41,0
DA:42,0
DA:45,0
DA:46,0
DA:47,0
DA:56,0
DA:57,0
DA:58,0
DA:60,0
DA:61,0
DA:62,0
DA:65,0
DA:66,0
DA:68,0
DA:72,0
DA:73,0
DA:76,0
LF:36
LH:0
BRDA:19,0,0,0
BRDA:19,0,1,0
BRDA:26,1,0,0
BRDA:26,1,1,0
BRDA:33,2,0,0
BRDA:33,2,1,0
BRDA:39,3,0,0
BRDA:39,3,1,0
BRDA:56,4,0,0
BRDA:56,4,1,0
BRDA:61,5,0,0
BRDA:61,5,1,0
BRDA:72,6,0,0
BRDA:72,6,1,0
BRDA:72,7,0,0
BRDA:72,7,1,0
BRDA:94,8,0,0
BRDA:94,8,1,0
BRDA:104,9,0,0
BRDA:104,9,1,0
BRDA:114,10,0,0
BRDA:114,10,1,0
BRDA:121,11,0,0
BRDA:121,11,1,0
BRDA:125,12,0,0
BRDA:125,12,1,0
BRF:26
BRH:0
end_of_record
TN:
SF:src/components/modal/EditResidentUnitModal.tsx
FN:13,(anonymous_0)
FN:22,(anonymous_1)
FN:29,(anonymous_2)
FN:37,(anonymous_3)
FN:38,(anonymous_4)
FN:41,(anonymous_5)
FN:68,(anonymous_6)
FN:92,(anonymous_7)
FN:103,(anonymous_8)
FN:109,(anonymous_9)
FN:119,(anonymous_10)
FN:123,(anonymous_11)
FNF:12
FNH:8
FNDA:18,(anonymous_0)
FNDA:6,(anonymous_1)
FNDA:1,(anonymous_2)
FNDA:0,(anonymous_3)
FNDA:0,(anonymous_4)
FNDA:1,(anonymous_5)
FNDA:0,(anonymous_6)
FNDA:1,(anonymous_7)
FNDA:10,(anonymous_8)
FNDA:0,(anonymous_9)
FNDA:1,(anonymous_10)
FNDA:1,(anonymous_11)
DA:13,2
DA:14,18
DA:15,18
DA:16,18
DA:17,18
DA:19,18
DA:20,18
DA:22,18
DA:23,6
DA:24,3
DA:25,3
DA:29,18
DA:30,1
DA:31,1
DA:32,1
DA:33,1
DA:37,18
DA:38,0
DA:41,18
DA:42,1
DA:43,1
DA:45,1
DA:46,1
DA:48,1
DA:49,1
DA:50,1
DA:51,0
DA:55,1
DA:67,1
DA:68,0
DA:69,0
DA:72,1
DA:73,1
DA:75,0
DA:77,1
DA:81,18
DA:92,1
DA:104,10
DA:109,0
DA:119,1
DA:123,1
LF:41
LH:35
BRDA:23,0,0,3
BRDA:23,0,1,3
BRDA:25,1,0,3
BRDA:25,1,1,0
BRDA:30,2,0,1
BRDA:30,2,1,0
BRDA:30,3,0,1
BRDA:30,3,1,1
BRDA:43,4,0,0
BRDA:43,4,1,1
BRDA:50,5,0,0
BRDA:50,5,1,1
BRDA:67,6,0,0
BRDA:67,6,1,1
BRDA:69,7,0,0
BRDA:69,7,1,0
BRDA:75,8,0,0
BRDA:75,8,1,0
BRDA:131,9,0,18
BRDA:131,9,1,0
BRDA:138,10,0,1
BRDA:138,10,1,17
BRF:22
BRH:12
end_of_record
TN:
SF:src/components/modal/EditUserModal.tsx
FN:12,(anonymous_0)
FN:15,(anonymous_1)
FN:19,(anonymous_2)
FN:25,(anonymous_3)
FNF:4
FNH:0
FNDA:0,(anonymous_0)
FNDA:0,(anonymous_1)
FNDA:0,(anonymous_2)
FNDA:0,(anonymous_3)
DA:12,0
DA:13,0
DA:15,0
DA:16,0
DA:19,0
DA:20,0
DA:21,0
DA:25,0
DA:26,0
DA:27,0
DA:29,0
DA:30,0
DA:31,0
DA:32,0
DA:35,0
DA:36,0
DA:45,0
DA:47,0
DA:48,0
DA:49,0
DA:50,0
DA:52,0
DA:53,0
DA:55,0
DA:56,0
DA:59,0
DA:63,0
DA:64,0
DA:67,0
LF:29
LH:0
BRDA:20,0,0,0
BRDA:20,0,1,0
BRDA:27,1,0,0
BRDA:27,1,1,0
BRDA:30,2,0,0
BRDA:30,2,1,0
BRDA:45,3,0,0
BRDA:45,3,1,0
BRDA:49,4,0,0
BRDA:49,4,1,0
BRDA:63,5,0,0
BRDA:63,5,1,0
BRDA:63,6,0,0
BRDA:63,6,1,0
BRDA:86,7,0,0
BRDA:86,7,1,0
BRDA:98,8,0,0
BRDA:98,8,1,0
BRDA:110,9,0,0
BRDA:110,9,1,0
BRDA:122,10,0,0
BRDA:122,10,1,0
BRF:22
BRH:0
end_of_record
TN:
SF:src/components/modal/SetInitialBalanceModal.tsx
FN:13,(anonymous_0)
FN:19,(anonymous_1)
FN:28,(anonymous_2)
FN:90,(anonymous_3)
FN:100,(anonymous_4)
FNF:5
FNH:0
FNDA:0,(anonymous_0)
FNDA:0,(anonymous_1)
FNDA:0,(anonymous_2)
FNDA:0,(anonymous_3)
FNDA:0,(anonymous_4)
DA:13,0
DA:14,0
DA:15,0
DA:16,0
DA:17,0
DA:19,0
DA:20,0
DA:21,0
DA:23,0
DA:24,0
DA:28,0
DA:29,0
DA:30,0
DA:32,0
DA:33,0
DA:35,0
DA:36,0
DA:37,0
DA:38,0
DA:39,0
DA:42,0
DA:43,0
DA:52,0
DA:53,0
DA:54,0
DA:56,0
DA:57,0
DA:58,0
DA:61,0
DA:62,0
DA:64,0
DA:68,0
DA:69,0
DA:72,0
DA:90,0
DA:101,0
DA:102,0
LF:37
LH:0
BRDA:20,0,0,0
BRDA:20,0,1,0
BRDA:30,1,0,0
BRDA:30,1,1,0
BRDA:36,2,0,0
BRDA:36,2,1,0
BRDA:52,3,0,0
BRDA:52,3,1,0
BRDA:57,4,0,0
BRDA:57,4,1,0
BRDA:68,5,0,0
BRDA:68,5,1,0
BRDA:68,6,0,0
BRDA:68,6,1,0
BRDA:101,7,0,0
BRDA:101,7,1,0
BRDA:111,8,0,0
BRDA:111,8,1,0
BRDA:115,9,0,0
BRDA:115,9,1,0
BRF:20
BRH:0
end_of_record
TN:
SF:src/components/slips/GenerateSlipsCard.tsx
FN:19,(anonymous_0)
FNF:1
FNH:0
FNDA:0,(anonymous_0)
DA:19,0
DA:29,0
LF:2
LH:0
BRDA:26,0,0,0
BRDA:27,1,0,0
BRDA:37,2,0,0
BRDA:37,2,1,0
BRDA:44,3,0,0
BRDA:44,3,1,0
BRDA:45,4,0,0
BRDA:45,4,1,0
BRDA:49,5,0,0
BRDA:49,5,1,0
BRDA:49,5,2,0
BRDA:52,6,0,0
BRDA:52,6,1,0
BRF:13
BRH:0
end_of_record
TN:
SF:src/components/slips/SlipSettings.tsx
FN:14,(anonymous_0)
FN:34,(anonymous_1)
FN:47,(anonymous_2)
FN:60,(anonymous_3)
FNF:4
FNH:0
FNDA:0,(anonymous_0)
FNDA:0,(anonymous_1)
FNDA:0,(anonymous_2)
FNDA:0,(anonymous_3)
DA:14,0
DA:23,0
DA:34,0
DA:47,0
DA:60,0
LF:5
LH:0
BRDA:21,0,0,0
BRF:1
BRH:0
end_of_record
TN:
SF:src/components/tables/DataTable.tsx
FN:22,DataTable
FN:29,(anonymous_1)
FN:41,(anonymous_2)
FN:43,(anonymous_3)
FNF:4
FNH:4
FNDA:1,DataTable
FNDA:5,(anonymous_1)
FNDA:2,(anonymous_2)
FNDA:10,(anonymous_3)
DA:23,1
DA:30,5
DA:42,2
DA:44,10
LF:4
LH:4
BRDA:33,0,0,5
BRDA:33,0,1,0
BRDA:44,1,0,10
BRDA:44,1,1,0
BRDA:44,2,0,10
BRDA:44,2,1,0
BRDA:42,3,0,2
BRDA:42,3,1,0
BRF:8
BRH:4
end_of_record
TN:
SF:src/components/tables/BasicTables/BasicTableOne.tsx
FN:112,BasicTableOne
FN:155,(anonymous_1)
FN:182,(anonymous_2)
FNF:3
FNH:0
FNDA:0,BasicTableOne
FNDA:0,(anonymous_1)
FNDA:0,(anonymous_2)
DA:27,0
DA:113,0
DA:156,0
DA:183,0
LF:4
LH:0
BRDA:202,0,0,0
BRDA:202,0,1,0
BRDA:204,1,0,0
BRDA:204,1,1,0
BRF:4
BRH:0
end_of_record
TN:
SF:src/components/ui/Switch.tsx
FN:10,(anonymous_0)
FN:11,(anonymous_1)
FN:41,(anonymous_2)
FNF:3
FNH:0
FNDA:0,(anonymous_0)
FNDA:0,(anonymous_1)
FNDA:0,(anonymous_2)
DA:10,0
DA:11,0
DA:12,0
DA:13,0
DA:17,0
DA:18,0
DA:20,0
DA:21,0
DA:23,0
DA:24,0
DA:25,0
DA:26,0
DA:27,0
DA:28,0
DA:30,0
DA:31,0
DA:34,0
DA:41,0
LF:18
LH:0
BRDA:12,0,0,0
BRDA:12,0,1,0
BRDA:23,1,0,0
BRDA:23,1,1,0
BRDA:26,2,0,0
BRDA:26,2,1,0
BRDA:36,3,0,0
BRDA:36,3,1,0
BRDA:41,4,0,0
BRDA:41,4,1,0
BRDA:41,5,0,0
BRDA:41,5,1,0
BRDA:42,6,0,0
BRDA:42,6,1,0
BRDA:47,7,0,0
BRDA:47,7,1,0
BRF:16
BRH:0
end_of_record
TN:
SF:src/components/ui/alert/Alert.tsx
FN:13,(anonymous_0)
FNF:1
FNH:0
FNDA:0,(anonymous_0)
DA:13,0
DA:23,0
DA:47,0
DA:116,0
LF:4
LH:0
BRDA:17,0,0,0
BRDA:18,1,0,0
BRDA:19,2,0,0
BRDA:120,3,0,0
BRDA:120,3,1,0
BRDA:144,4,0,0
BRDA:144,4,1,0
BRF:7
BRH:0
end_of_record
TN:
SF:src/components/ui/avatar/Avatar.tsx
FN:32,(anonymous_0)
FNF:1
FNH:0
FNDA:0,(anonymous_0)
DA:8,0
DA:17,0
DA:26,0
DA:32,0
DA:38,0
LF:5
LH:0
BRDA:34,0,0,0
BRDA:35,1,0,0
BRDA:36,2,0,0
BRDA:44,3,0,0
BRDA:44,3,1,0
BRDA:48,4,0,0
BRDA:48,4,1,0
BRF:7
BRH:0
end_of_record
TN:
SF:src/components/ui/badge/Badge.tsx
FN:21,(anonymous_0)
FNF:1
FNH:0
FNDA:0,(anonymous_0)
DA:21,0
DA:30,0
DA:33,0
DA:39,0
DA:65,0
DA:66,0
DA:68,0
LF:7
LH:0
BRDA:22,0,0,0
BRDA:23,1,0,0
BRDA:24,2,0,0
BRDA:70,3,0,0
BRDA:70,3,1,0
BRDA:72,4,0,0
BRDA:72,4,1,0
BRF:7
BRH:0
end_of_record
TN:
SF:src/components/ui/button/Button.tsx
FN:14,(anonymous_0)
FNF:1
FNH:1
FNDA:21,(anonymous_0)
DA:14,2
DA:25,21
DA:31,21
DA:38,21
LF:4
LH:4
BRDA:16,0,0,21
BRDA:17,1,0,21
BRDA:21,2,0,21
BRDA:22,3,0,21
BRDA:43,4,0,2
BRDA:43,4,1,19
BRDA:48,5,0,21
BRDA:48,5,1,0
BRDA:50,6,0,21
BRDA:50,6,1,0
BRF:10
BRH:8
end_of_record
TN:
SF:src/components/ui/dropdown/Dropdown.tsx
FN:11,(anonymous_0)
FN:19,(anonymous_1)
FN:20,(anonymous_2)
FN:31,(anonymous_3)
FNF:4
FNH:0
FNDA:0,(anonymous_0)
FNDA:0,(anonymous_1)
FNDA:0,(anonymous_2)
FNDA:0,(anonymous_3)
DA:11,0
DA:17,0
DA:19,0
DA:20,0
DA:21,0
DA:26,0
DA:30,0
DA:31,0
DA:32,0
DA:36,0
DA:38,0
LF:11
LH:0
BRDA:15,0,0,0
BRDA:21,1,0,0
BRDA:21,1,1,0
BRDA:22,2,0,0
BRDA:22,2,1,0
BRDA:22,2,2,0
BRDA:36,3,0,0
BRDA:36,3,1,0
BRF:8
BRH:0
end_of_record
TN:
SF:src/components/ui/dropdown/DropdownItem.tsx
FN:14,(anonymous_0)
FN:25,(anonymous_1)
FNF:2
FNH:0
FNDA:0,(anonymous_0)
FNDA:0,(anonymous_1)
DA:14,0
DA:23,0
DA:25,0
DA:26,0
DA:27,0
DA:29,0
DA:30,0
DA:33,0
DA:34,0
DA:41,0
LF:10
LH:0
BRDA:15,0,0,0
BRDA:19,1,0,0
BRDA:20,2,0,0
BRDA:26,3,0,0
BRDA:26,3,1,0
BRDA:29,4,0,0
BRDA:29,4,1,0
BRDA:30,5,0,0
BRDA:30,5,1,0
BRDA:33,6,0,0
BRDA:33,6,1,0
BRDA:33,7,0,0
BRDA:33,7,1,0
BRF:13
BRH:0
end_of_record
TN:
SF:src/components/ui/images/ResponsiveImage.tsx
FN:1,ResponsiveImage
FNF:1
FNH:0
FNDA:0,ResponsiveImage
DA:2,0
LF:1
LH:0
BRF:0
BRH:0
end_of_record
TN:
SF:src/components/ui/images/ThreeColumnImageGrid.tsx
FN:1,ThreeColumnImageGrid
FNF:1
FNH:0
FNDA:0,ThreeColumnImageGrid
DA:2,0
LF:1
LH:0
BRF:0
BRH:0
end_of_record
TN:
SF:src/components/ui/images/TwoColumnImageGrid.tsx
FN:1,TwoColumnImageGrid
FNF:1
FNH:0
FNDA:0,TwoColumnImageGrid
DA:2,0
LF:1
LH:0
BRF:0
BRH:0
end_of_record
TN:
SF:src/components/ui/modal/index.tsx
FN:14,(anonymous_0)
FN:26,(anonymous_1)
FN:27,(anonymous_2)
FN:37,(anonymous_3)
FN:42,(anonymous_4)
FN:49,(anonymous_5)
FN:71,(anonymous_6)
FNF:7
FNH:6
FNDA:42,(anonymous_0)
FNDA:27,(anonymous_1)
FNDA:0,(anonymous_2)
FNDA:27,(anonymous_3)
FNDA:13,(anonymous_4)
FNDA:13,(anonymous_5)
FNDA:7,(anonymous_6)
DA:14,6
DA:24,42
DA:26,42
DA:27,27
DA:28,0
DA:29,0
DA:33,27
DA:34,17
DA:37,27
DA:38,27
DA:42,42
DA:43,13
DA:44,8
DA:46,5
DA:49,13
DA:50,13
DA:54,42
DA:56,31
DA:60,42
DA:71,7
LF:20
LH:18
BRDA:20,0,0,42
BRDA:21,1,0,42
BRDA:22,2,0,42
BRDA:28,3,0,0
BRDA:28,3,1,0
BRDA:33,4,0,17
BRDA:33,4,1,10
BRDA:43,5,0,8
BRDA:43,5,1,5
BRDA:54,6,0,11
BRDA:54,6,1,31
BRDA:56,7,0,0
BRDA:56,7,1,31
BRDA:62,8,0,42
BRDA:62,8,1,31
BRDA:73,9,0,42
BRDA:73,9,1,20
BRDA:94,10,0,42
BRDA:94,10,1,12
BRF:19
BRH:16
end_of_record
TN:
SF:src/components/ui/table/index.tsx
FN:35,(anonymous_0)
FN:40,(anonymous_1)
FN:45,(anonymous_2)
FN:50,(anonymous_3)
FN:55,(anonymous_4)
FNF:5
FNH:5
FNDA:1,(anonymous_0)
FNDA:1,(anonymous_1)
FNDA:1,(anonymous_2)
FNDA:3,(anonymous_3)
FNDA:15,(anonymous_4)
DA:35,2
DA:36,1
DA:40,2
DA:41,1
DA:45,2
DA:46,1
DA:50,2
DA:51,3
DA:55,2
DA:60,15
DA:61,15
LF:11
LH:11
BRDA:57,0,0,15
BRDA:60,1,0,5
BRDA:60,1,1,10
BRF:3
BRH:3
end_of_record
TN:
SF:src/components/ui/videos/AspectRatioVideo.tsx
FN:7,(anonymous_0)
FNF:1
FNH:0
FNDA:0,(anonymous_0)
DA:7,0
DA:12,0
LF:2
LH:0
BRDA:9,0,0,0
BRDA:10,1,0,0
BRF:2
BRH:0
end_of_record
TN:
SF:src/components/ui/videos/FourIsToThree.tsx
FN:1,FourIsToThree
FNF:1
FNH:0
FNDA:0,FourIsToThree
DA:2,0
LF:1
LH:0
BRF:0
BRH:0
end_of_record
TN:
SF:src/components/ui/videos/OneIsToOne.tsx
FN:1,OneIsToOne
FNF:1
FNH:0
FNDA:0,OneIsToOne
DA:2,0
LF:1
LH:0
BRF:0
BRH:0
end_of_record
TN:
SF:src/components/ui/videos/SixteenIsToNine.tsx
FN:1,SixteenIsToNine
FNF:1
FNH:0
FNDA:0,SixteenIsToNine
DA:2,0
LF:1
LH:0
BRF:0
BRH:0
end_of_record
TN:
SF:src/components/ui/videos/TwentyOneIsToNine.tsx
FN:1,TwentyOneIsToNine
FNF:1
FNH:0
FNDA:0,TwentyOneIsToNine
DA:2,0
LF:1
LH:0
BRF:0
BRH:0
end_of_record
TN:
SF:src/components/unit/EditUnitModal.tsx
FN:12,(anonymous_0)
FN:16,(anonymous_1)
FN:20,(anonymous_2)
FN:24,(anonymous_3)
FN:56,(anonymous_4)
FN:64,(anonymous_5)
FN:96,(anonymous_6)
FN:106,(anonymous_7)
FN:109,(anonymous_8)
FN:110,(anonymous_9)
FN:136,(anonymous_10)
FN:142,(anonymous_11)
FNF:12
FNH:0
FNDA:0,(anonymous_0)
FNDA:0,(anonymous_1)
FNDA:0,(anonymous_2)
FNDA:0,(anonymous_3)
FNDA:0,(anonymous_4)
FNDA:0,(anonymous_5)
FNDA:0,(anonymous_6)
FNDA:0,(anonymous_7)
FNDA:0,(anonymous_8)
FNDA:0,(anonymous_9)
FNDA:0,(anonymous_10)
FNDA:0,(anonymous_11)
DA:12,0
DA:13,0
DA:14,0
DA:16,0
DA:17,0
DA:20,0
DA:21,0
DA:24,0
DA:25,0
DA:27,0
DA:28,0
DA:29,0
DA:30,0
DA:33,0
DA:34,0
DA:43,0
DA:44,0
DA:45,0
DA:46,0
DA:48,0
DA:49,0
DA:52,0
DA:56,0
DA:57,0
DA:58,0
DA:59,0
DA:60,0
DA:64,0
DA:65,0
DA:67,0
DA:68,0
DA:69,0
DA:70,0
DA:73,0
DA:74,0
DA:83,0
DA:84,0
DA:85,0
DA:86,0
DA:88,0
DA:89,0
DA:92,0
DA:96,0
DA:97,0
DA:98,0
DA:101,0
DA:102,0
DA:103,0
DA:106,0
DA:108,0
DA:109,0
DA:110,0
DA:112,0
DA:114,0
DA:115,0
DA:118,0
DA:119,0
DA:122,0
DA:137,0
DA:142,0
LF:60
LH:0
BRDA:25,0,0,0
BRDA:25,0,1,0
BRDA:28,1,0,0
BRDA:28,1,1,0
BRDA:43,2,0,0
BRDA:43,2,1,0
BRDA:57,3,0,0
BRDA:57,3,1,0
BRDA:57,4,0,0
BRDA:57,4,1,0
BRDA:57,4,2,0
BRDA:65,5,0,0
BRDA:65,5,1,0
BRDA:68,6,0,0
BRDA:68,6,1,0
BRDA:83,7,0,0
BRDA:83,7,1,0
BRDA:98,8,0,0
BRDA:98,8,1,0
BRDA:98,9,0,0
BRDA:98,9,1,0
BRDA:101,10,0,0
BRDA:101,10,1,0
BRDA:101,11,0,0
BRDA:101,11,1,0
BRDA:118,12,0,0
BRDA:118,12,1,0
BRDA:118,13,0,0
BRDA:118,13,1,0
BRF:29
BRH:0
end_of_record
TN:
SF:src/context/NotificationContext.tsx
FN:19,(anonymous_0)
FN:31,(anonymous_1)
FN:35,(anonymous_2)
FN:37,(anonymous_3)
FN:38,(anonymous_4)
FN:41,(anonymous_5)
FN:46,(anonymous_6)
FN:47,(anonymous_7)
FN:47,(anonymous_8)
FNF:9
FNH:0
FNDA:0,(anonymous_0)
FNDA:0,(anonymous_1)
FNDA:0,(anonymous_2)
FNDA:0,(anonymous_3)
FNDA:0,(anonymous_4)
FNDA:0,(anonymous_5)
FNDA:0,(anonymous_6)
FNDA:0,(anonymous_7)
FNDA:0,(anonymous_8)
DA:17,0
DA:19,0
DA:20,0
DA:21,0
DA:22,0
DA:24,0
DA:31,0
DA:32,0
DA:33,0
DA:35,0
DA:36,0
DA:37,0
DA:38,0
DA:41,0
DA:42,0
DA:46,0
DA:47,0
DA:50,0
LF:18
LH:0
BRDA:21,0,0,0
BRDA:21,0,1,0
BRF:2
BRH:0
end_of_record
TN:
SF:src/context/SidebarContext.tsx
FN:18,(anonymous_0)
FN:26,(anonymous_1)
FN:36,(anonymous_2)
FN:37,(anonymous_3)
FN:48,(anonymous_4)
FN:53,(anonymous_5)
FN:54,(anonymous_6)
FN:57,(anonymous_7)
FN:58,(anonymous_8)
FN:61,(anonymous_9)
FN:62,(anonymous_10)
FNF:11
FNH:0
FNDA:0,(anonymous_0)
FNDA:0,(anonymous_1)
FNDA:0,(anonymous_2)
FNDA:0,(anonymous_3)
FNDA:0,(anonymous_4)
FNDA:0,(anonymous_5)
FNDA:0,(anonymous_6)
FNDA:0,(anonymous_7)
FNDA:0,(anonymous_8)
FNDA:0,(anonymous_9)
FNDA:0,(anonymous_10)
DA:16,0
DA:18,0
DA:19,0
DA:20,0
DA:21,0
DA:23,0
DA:26,0
DA:29,0
DA:30,0
DA:31,0
DA:32,0
DA:33,0
DA:34,0
DA:36,0
DA:37,0
DA:38,0
DA:39,0
DA:40,0
DA:41,0
DA:45,0
DA:46,0
DA:48,0
DA:49,0
DA:53,0
DA:54,0
DA:57,0
DA:58,0
DA:61,0
DA:62,0
DA:65,0
LF:30
LH:0
BRDA:20,0,0,0
BRDA:20,0,1,0
BRDA:40,1,0,0
BRDA:40,1,1,0
BRDA:62,2,0,0
BRDA:62,2,1,0
BRDA:68,3,0,0
BRDA:68,3,1,0
BRF:8
BRH:0
end_of_record
TN:
SF:src/context/ThemeContext.tsx
FN:15,(anonymous_0)
FN:21,(anonymous_1)
FN:30,(anonymous_2)
FN:41,(anonymous_3)
FN:42,(anonymous_4)
FN:52,(anonymous_5)
FNF:6
FNH:0
FNDA:0,(anonymous_0)
FNDA:0,(anonymous_1)
FNDA:0,(anonymous_2)
FNDA:0,(anonymous_3)
FNDA:0,(anonymous_4)
FNDA:0,(anonymous_5)
DA:4,0
DA:13,0
DA:15,0
DA:18,0
DA:19,0
DA:21,0
DA:23,0
DA:24,0
DA:26,0
DA:27,0
DA:30,0
DA:31,0
DA:32,0
DA:33,0
DA:34,0
DA:36,0
DA:41,0
DA:42,0
DA:45,0
DA:52,0
DA:53,0
DA:54,0
DA:55,0
DA:57,0
LF:24
LH:0
BRDA:24,0,0,0
BRDA:24,0,1,0
BRDA:31,1,0,0
BRDA:31,1,1,0
BRDA:33,2,0,0
BRDA:33,2,1,0
BRDA:42,3,0,0
BRDA:42,3,1,0
BRDA:54,4,0,0
BRDA:54,4,1,0
BRF:10
BRH:0
end_of_record
TN:
SF:src/hooks/useGoBack.ts
FN:3,(anonymous_0)
FN:6,(anonymous_1)
FNF:2
FNH:0
FNDA:0,(anonymous_0)
FNDA:0,(anonymous_1)
DA:3,0
DA:4,0
DA:6,0
DA:7,0
DA:8,0
DA:10,0
DA:14,0
LF:7
LH:0
BRDA:7,0,0,0
BRDA:7,0,1,0
BRDA:7,1,0,0
BRDA:7,1,1,0
BRF:4
BRH:0
end_of_record
TN:
SF:src/hooks/useModal.ts
FN:3,(anonymous_0)
FN:6,(anonymous_1)
FN:7,(anonymous_2)
FN:8,(anonymous_3)
FN:8,(anonymous_4)
FNF:5
FNH:0
FNDA:0,(anonymous_0)
FNDA:0,(anonymous_1)
FNDA:0,(anonymous_2)
FNDA:0,(anonymous_3)
FNDA:0,(anonymous_4)
DA:3,0
DA:4,0
DA:6,0
DA:7,0
DA:8,0
DA:10,0
LF:6
LH:0
BRDA:3,0,0,0
BRF:1
BRH:0
end_of_record
TN:
SF:src/icons/index.ts
FNF:0
FNH:0
LF:0
LH:0
BRF:0
BRH:0
end_of_record
TN:
SF:src/layout/AppHeader.tsx
FN:9,(anonymous_0)
FN:15,(anonymous_1)
FN:23,(anonymous_2)
FN:29,(anonymous_3)
FN:30,(anonymous_4)
FN:39,(anonymous_5)
FN:145,(anonymous_6)
FNF:7
FNH:0
FNDA:0,(anonymous_0)
FNDA:0,(anonymous_1)
FNDA:0,(anonymous_2)
FNDA:0,(anonymous_3)
FNDA:0,(anonymous_4)
FNDA:0,(anonymous_5)
FNDA:0,(anonymous_6)
DA:9,0
DA:10,0
DA:11,0
DA:13,0
DA:15,0
DA:16,0
DA:17,0
DA:19,0
DA:23,0
DA:24,0
DA:27,0
DA:29,0
DA:30,0
DA:31,0
DA:32,0
DA:33,0
DA:37,0
DA:39,0
DA:40,0
DA:44,0
DA:145,0
LF:21
LH:0
BRDA:16,0,0,0
BRDA:16,0,1,0
BRDA:31,1,0,0
BRDA:31,1,1,0
BRDA:31,2,0,0
BRDA:31,2,1,0
BRDA:31,2,2,0
BRDA:53,3,0,0
BRDA:53,3,1,0
BRDA:159,4,0,0
BRDA:159,4,1,0
BRF:11
BRH:0
end_of_record
TN:
SF:src/layout/AppLayout.tsx
FN:7,(anonymous_0)
FN:30,(anonymous_1)
FNF:2
FNH:0
FNDA:0,(anonymous_0)
FNDA:0,(anonymous_1)
DA:7,0
DA:8,0
DA:10,0
DA:30,0
DA:31,0
LF:5
LH:0
BRDA:18,0,0,0
BRDA:18,0,1,0
BRDA:18,1,0,0
BRDA:18,1,1,0
BRDA:19,2,0,0
BRDA:19,2,1,0
BRF:6
BRH:0
end_of_record
TN:
SF:src/layout/AppSidebar.tsx
FN:127,(anonymous_0)
FN:142,(anonymous_1)
FN:146,(anonymous_2)
FN:148,(anonymous_3)
FN:150,(anonymous_4)
FN:152,(anonymous_5)
FN:170,(anonymous_6)
FN:174,(anonymous_7)
FN:182,(anonymous_8)
FN:183,(anonymous_9)
FN:195,(anonymous_10)
FN:197,(anonymous_11)
FN:201,(anonymous_12)
FN:260,(anonymous_13)
FN:272,(anonymous_14)
FN:330,(anonymous_15)
FN:331,(anonymous_16)
FNF:17
FNH:0
FNDA:0,(anonymous_0)
FNDA:0,(anonymous_1)
FNDA:0,(anonymous_2)
FNDA:0,(anonymous_3)
FNDA:0,(anonymous_4)
FNDA:0,(anonymous_5)
FNDA:0,(anonymous_6)
FNDA:0,(anonymous_7)
FNDA:0,(anonymous_8)
FNDA:0,(anonymous_9)
FNDA:0,(anonymous_10)
FNDA:0,(anonymous_11)
FNDA:0,(anonymous_12)
FNDA:0,(anonymous_13)
FNDA:0,(anonymous_14)
FNDA:0,(anonymous_15)
FNDA:0,(anonymous_16)
DA:30,0
DA:96,0
DA:127,0
DA:128,0
DA:129,0
DA:131,0
DA:135,0
DA:138,0
DA:141,0
DA:142,0
DA:146,0
DA:147,0
DA:148,0
DA:149,0
DA:150,0
DA:151,0
DA:152,0
DA:153,0
DA:154,0
DA:158,0
DA:165,0
DA:166,0
DA:170,0
DA:171,0
DA:172,0
DA:173,0
DA:174,0
DA:182,0
DA:183,0
DA:184,0
DA:189,0
DA:191,0
DA:195,0
DA:196,0
DA:198,0
DA:201,0
DA:261,0
DA:273,0
DA:318,0
DA:330,0
DA:331,0
LF:41
LH:0
BRDA:149,0,0,0
BRDA:149,0,1,0
BRDA:151,1,0,0
BRDA:151,1,1,0
BRDA:153,2,0,0
BRDA:153,2,1,0
BRDA:165,3,0,0
BRDA:165,3,1,0
BRDA:171,4,0,0
BRDA:171,4,1,0
BRDA:173,5,0,0
BRDA:173,5,1,0
BRDA:176,6,0,0
BRDA:176,6,1,0
BRDA:184,7,0,0
BRDA:184,7,1,0
BRDA:185,8,0,0
BRDA:185,8,1,0
BRDA:185,8,2,0
BRDA:199,9,0,0
BRDA:199,9,1,0
BRDA:203,10,0,0
BRDA:203,10,1,0
BRDA:203,11,0,0
BRDA:203,11,1,0
BRDA:207,12,0,0
BRDA:207,12,1,0
BRDA:207,13,0,0
BRDA:207,13,1,0
BRDA:214,14,0,0
BRDA:214,14,1,0
BRDA:214,15,0,0
BRDA:214,15,1,0
BRDA:220,16,0,0
BRDA:220,16,1,0
BRDA:220,16,2,0
BRDA:220,16,3,0
BRDA:222,17,0,0
BRDA:222,17,1,0
BRDA:222,17,2,0
BRDA:222,17,3,0
BRDA:227,18,0,0
BRDA:227,18,1,0
BRDA:227,19,0,0
BRDA:227,19,1,0
BRDA:236,20,0,0
BRDA:236,20,1,0
BRDA:240,21,0,0
BRDA:240,21,1,0
BRDA:245,22,0,0
BRDA:245,22,1,0
BRDA:251,23,0,0
BRDA:251,23,1,0
BRDA:251,23,2,0
BRDA:251,23,3,0
BRDA:258,24,0,0
BRDA:258,24,1,0
BRDA:258,24,2,0
BRDA:258,24,3,0
BRDA:258,24,4,0
BRDA:266,25,0,0
BRDA:266,25,1,0
BRDA:266,26,0,0
BRDA:266,26,1,0
BRDA:277,27,0,0
BRDA:277,27,1,0
BRDA:284,28,0,0
BRDA:284,28,1,0
BRDA:287,29,0,0
BRDA:287,29,1,0
BRDA:295,30,0,0
BRDA:295,30,1,0
BRDA:298,31,0,0
BRDA:298,31,1,0
BRDA:322,32,0,0
BRDA:322,32,1,0
BRDA:322,33,0,0
BRDA:322,33,1,0
BRDA:324,34,0,0
BRDA:324,34,1,0
BRDA:328,35,0,0
BRDA:328,35,1,0
BRDA:330,36,0,0
BRDA:330,36,1,0
BRDA:335,37,0,0
BRDA:335,37,1,0
BRDA:335,38,0,0
BRDA:335,38,1,0
BRDA:339,39,0,0
BRDA:339,39,1,0
BRDA:339,40,0,0
BRDA:339,40,1,0
BRDA:339,40,2,0
BRDA:372,41,0,0
BRDA:372,41,1,0
BRDA:372,42,0,0
BRDA:372,42,1,0
BRDA:377,43,0,0
BRDA:377,43,1,0
BRDA:377,44,0,0
BRDA:377,44,1,0
BRDA:377,44,2,0
BRDA:388,45,0,0
BRDA:388,45,1,0
BRDA:388,46,0,0
BRDA:388,46,1,0
BRDA:393,47,0,0
BRDA:393,47,1,0
BRDA:393,48,0,0
BRDA:393,48,1,0
BRDA:393,48,2,0
BRDA:403,49,0,0
BRDA:403,49,1,0
BRDA:403,50,0,0
BRDA:403,50,1,0
BRDA:403,50,2,0
BRF:116
BRH:0
end_of_record
TN:
SF:src/layout/Backdrop.tsx
FN:3,(anonymous_0)
FNF:1
FNH:0
FNDA:0,(anonymous_0)
DA:3,0
DA:4,0
DA:6,0
DA:8,0
LF:4
LH:0
BRDA:6,0,0,0
BRDA:6,0,1,0
BRF:2
BRH:0
end_of_record
TN:
SF:src/layout/Boletos.tsx
FNF:0
FNH:0
LF:0
LH:0
BRF:0
BRH:0
end_of_record
TN:
SF:src/layout/SidebarWidget.tsx
FN:1,SidebarWidget
FNF:1
FNH:0
FNDA:0,SidebarWidget
DA:2,0
LF:1
LH:0
BRF:0
BRH:0
end_of_record
TN:
SF:src/layout/Slips.tsx
FNF:0
FNH:0
LF:0
LH:0
BRF:0
BRH:0
end_of_record
TN:
SF:src/pages/Accounts.tsx
FN:13,Accounts
FN:25,(anonymous_1)
FN:49,(anonymous_2)
FN:52,(anonymous_3)
FN:57,(anonymous_4)
FN:58,(anonymous_5)
FN:73,(anonymous_6)
FN:77,(anonymous_7)
FN:100,(anonymous_8)
FN:101,(anonymous_9)
FN:115,(anonymous_10)
FN:120,(anonymous_11)
FN:125,(anonymous_12)
FN:134,(anonymous_13)
FN:144,(anonymous_14)
FN:153,(anonymous_15)
FN:166,(anonymous_16)
FN:182,(anonymous_17)
FN:185,(anonymous_18)
FN:195,(anonymous_19)
FN:200,(anonymous_20)
FN:205,(anonymous_21)
FN:217,(anonymous_22)
FN:253,(anonymous_23)
FN:259,(anonymous_24)
FN:261,(anonymous_25)
FN:268,(anonymous_26)
FN:269,(anonymous_27)
FNF:28
FNH:0
FNDA:0,Accounts
FNDA:0,(anonymous_1)
FNDA:0,(anonymous_2)
FNDA:0,(anonymous_3)
FNDA:0,(anonymous_4)
FNDA:0,(anonymous_5)
FNDA:0,(anonymous_6)
FNDA:0,(anonymous_7)
FNDA:0,(anonymous_8)
FNDA:0,(anonymous_9)
FNDA:0,(anonymous_10)
FNDA:0,(anonymous_11)
FNDA:0,(anonymous_12)
FNDA:0,(anonymous_13)
FNDA:0,(anonymous_14)
FNDA:0,(anonymous_15)
FNDA:0,(anonymous_16)
FNDA:0,(anonymous_17)
FNDA:0,(anonymous_18)
FNDA:0,(anonymous_19)
FNDA:0,(anonymous_20)
FNDA:0,(anonymous_21)
FNDA:0,(anonymous_22)
FNDA:0,(anonymous_23)
FNDA:0,(anonymous_24)
FNDA:0,(anonymous_25)
FNDA:0,(anonymous_26)
FNDA:0,(anonymous_27)
DA:14,0
DA:15,0
DA:16,0
DA:17,0
DA:18,0
DA:19,0
DA:20,0
DA:21,0
DA:22,0
DA:23,0
DA:25,0
DA:26,0
DA:27,0
DA:28,0
DA:29,0
DA:30,0
DA:33,0
DA:39,0
DA:40,0
DA:43,0
DA:44,0
DA:45,0
DA:48,0
DA:49,0
DA:50,0
DA:52,0
DA:55,0
DA:57,0
DA:58,0
DA:59,0
DA:61,0
DA:63,0
DA:66,0
DA:67,0
DA:69,0
DA:73,0
DA:74,0
DA:77,0
DA:78,0
DA:79,0
DA:83,0
DA:84,0
DA:85,0
DA:86,0
DA:89,0
DA:96,0
DA:97,0
DA:100,0
DA:101,0
DA:102,0
DA:107,0
DA:108,0
DA:109,0
DA:111,0
DA:115,0
DA:116,0
DA:117,0
DA:120,0
DA:121,0
DA:122,0
DA:125,0
DA:126,0
DA:129,0
DA:135,0
DA:145,0
DA:154,0
DA:167,0
DA:183,0
DA:185,0
DA:196,0
DA:200,0
DA:205,0
DA:217,0
DA:218,0
DA:219,0
DA:222,0
DA:223,0
DA:226,0
DA:229,0
DA:253,0
DA:259,0
DA:262,0
DA:263,0
DA:268,0
DA:270,0
DA:271,0
LF:86
LH:0
BRDA:29,0,0,0
BRDA:29,0,1,0
BRDA:39,1,0,0
BRDA:39,1,1,0
BRDA:52,2,0,0
BRDA:52,2,1,0
BRDA:58,3,0,0
BRDA:58,3,1,0
BRDA:59,4,0,0
BRDA:59,4,1,0
BRDA:79,5,0,0
BRDA:79,5,1,0
BRDA:85,6,0,0
BRDA:85,6,1,0
BRDA:96,7,0,0
BRDA:96,7,1,0
BRDA:102,8,0,0
BRDA:102,8,1,0
BRDA:156,9,0,0
BRDA:156,9,1,0
BRDA:169,10,0,0
BRDA:169,10,1,0
BRDA:187,11,0,0
BRDA:187,11,1,0
BRDA:202,12,0,0
BRDA:202,12,1,0
BRDA:202,12,2,0
BRDA:202,12,3,0
BRDA:218,13,0,0
BRDA:218,13,1,0
BRDA:218,14,0,0
BRDA:218,14,1,0
BRDA:222,15,0,0
BRDA:222,15,1,0
BRF:34
BRH:0
end_of_record
TN:
SF:src/pages/Blank.tsx
FN:4,Blank
FNF:1
FNH:0
FNDA:0,Blank
DA:5,0
LF:1
LH:0
BRF:0
BRH:0
end_of_record
TN:
SF:src/pages/Calendar.tsx
FN:17,(anonymous_0)
FN:36,(anonymous_1)
FN:61,(anonymous_2)
FN:68,(anonymous_3)
FN:78,(anonymous_4)
FN:81,(anonymous_5)
FN:82,(anonymous_6)
FN:104,(anonymous_7)
FN:110,(anonymous_8)
FN:173,(anonymous_9)
FN:183,(anonymous_10)
FN:200,(anonymous_11)
FN:227,(anonymous_12)
FN:242,(anonymous_13)
FN:271,(anonymous_14)
FNF:15
FNH:0
FNDA:0,(anonymous_0)
FNDA:0,(anonymous_1)
FNDA:0,(anonymous_2)
FNDA:0,(anonymous_3)
FNDA:0,(anonymous_4)
FNDA:0,(anonymous_5)
FNDA:0,(anonymous_6)
FNDA:0,(anonymous_7)
FNDA:0,(anonymous_8)
FNDA:0,(anonymous_9)
FNDA:0,(anonymous_10)
FNDA:0,(anonymous_11)
FNDA:0,(anonymous_12)
FNDA:0,(anonymous_13)
FNDA:0,(anonymous_14)
DA:17,0
DA:18,0
DA:21,0
DA:22,0
DA:23,0
DA:24,0
DA:25,0
DA:26,0
DA:27,0
DA:29,0
DA:36,0
DA:38,0
DA:61,0
DA:62,0
DA:63,0
DA:64,0
DA:65,0
DA:68,0
DA:69,0
DA:70,0
DA:71,0
DA:72,0
DA:73,0
DA:74,0
DA:75,0
DA:78,0
DA:79,0
DA:81,0
DA:82,0
DA:83,0
DA:96,0
DA:104,0
DA:106,0
DA:107,0
DA:110,0
DA:111,0
DA:112,0
DA:113,0
DA:114,0
DA:115,0
DA:118,0
DA:173,0
DA:184,0
DA:200,0
DA:227,0
DA:242,0
DA:271,0
DA:272,0
DA:273,0
LF:49
LH:0
BRDA:64,0,0,0
BRDA:64,0,1,0
BRDA:72,1,0,0
BRDA:72,1,1,0
BRDA:73,2,0,0
BRDA:73,2,1,0
BRDA:79,3,0,0
BRDA:79,3,1,0
BRDA:83,4,0,0
BRDA:83,4,1,0
BRDA:156,5,0,0
BRDA:156,5,1,0
BRDA:205,6,0,0
BRDA:205,6,1,0
BRDA:261,7,0,0
BRDA:261,7,1,0
BRF:16
BRH:0
end_of_record
TN:
SF:src/pages/Expenses.tsx
FN:62,(anonymous_0)
FN:74,(anonymous_1)
FN:75,(anonymous_2)
FN:110,(anonymous_3)
FN:137,(anonymous_4)
FN:161,(anonymous_5)
FN:170,(anonymous_6)
FN:178,(anonymous_7)
FN:188,(anonymous_8)
FN:198,(anonymous_9)
FN:208,(anonymous_10)
FN:210,(anonymous_11)
FN:222,(anonymous_12)
FN:245,(anonymous_13)
FN:250,(anonymous_14)
FNF:15
FNH:0
FNDA:0,(anonymous_0)
FNDA:0,(anonymous_1)
FNDA:0,(anonymous_2)
FNDA:0,(anonymous_3)
FNDA:0,(anonymous_4)
FNDA:0,(anonymous_5)
FNDA:0,(anonymous_6)
FNDA:0,(anonymous_7)
FNDA:0,(anonymous_8)
FNDA:0,(anonymous_9)
FNDA:0,(anonymous_10)
FNDA:0,(anonymous_11)
FNDA:0,(anonymous_12)
FNDA:0,(anonymous_13)
FNDA:0,(anonymous_14)
DA:62,0
DA:63,0
DA:64,0
DA:65,0
DA:66,0
DA:68,0
DA:69,0
DA:70,0
DA:74,0
DA:75,0
DA:76,0
DA:77,0
DA:78,0
DA:81,0
DA:84,0
DA:85,0
DA:86,0
DA:89,0
DA:92,0
DA:93,0
DA:94,0
DA:97,0
DA:100,0
DA:101,0
DA:102,0
DA:104,0
DA:107,0
DA:110,0
DA:112,0
DA:113,0
DA:114,0
DA:115,0
DA:116,0
DA:117,0
DA:120,0
DA:121,0
DA:122,0
DA:124,0
DA:130,0
DA:131,0
DA:134,0
DA:137,0
DA:151,0
DA:153,0
DA:154,0
DA:156,0
DA:161,0
DA:162,0
DA:165,0
DA:171,0
DA:179,0
DA:189,0
DA:199,0
DA:210,0
DA:211,0
DA:223,0
DA:230,0
DA:245,0
DA:250,0
LF:59
LH:0
BRDA:78,0,0,0
BRDA:78,0,1,0
BRDA:84,1,0,0
BRDA:84,1,1,0
BRDA:92,2,0,0
BRDA:92,2,1,0
BRDA:100,3,0,0
BRDA:100,3,1,0
BRDA:116,4,0,0
BRDA:116,4,1,0
BRDA:130,5,0,0
BRDA:130,5,1,0
BRDA:140,6,0,0
BRDA:140,6,1,0
BRDA:171,7,0,0
BRDA:171,7,1,0
BRDA:180,8,0,0
BRDA:180,8,1,0
BRDA:213,9,0,0
BRDA:213,9,1,0
BRF:20
BRH:0
end_of_record
TN:
SF:src/pages/Incomes.tsx
FN:56,(anonymous_0)
FN:58,(anonymous_1)
FN:66,(anonymous_2)
FN:67,(anonymous_3)
FN:104,(anonymous_4)
FN:132,(anonymous_5)
FN:148,(anonymous_6)
FN:157,(anonymous_7)
FN:165,(anonymous_8)
FN:175,(anonymous_9)
FN:185,(anonymous_10)
FN:186,(anonymous_11)
FN:198,(anonymous_12)
FN:218,(anonymous_13)
FN:237,(anonymous_14)
FNF:15
FNH:6
FNDA:4,(anonymous_0)
FNDA:2,(anonymous_1)
FNDA:2,(anonymous_2)
FNDA:2,(anonymous_3)
FNDA:2,(anonymous_4)
FNDA:0,(anonymous_5)
FNDA:2,(anonymous_6)
FNDA:0,(anonymous_7)
FNDA:0,(anonymous_8)
FNDA:0,(anonymous_9)
FNDA:0,(anonymous_10)
FNDA:0,(anonymous_11)
FNDA:0,(anonymous_12)
FNDA:0,(anonymous_13)
FNDA:0,(anonymous_14)
DA:56,1
DA:57,4
DA:58,4
DA:59,4
DA:61,4
DA:62,4
DA:63,4
DA:66,4
DA:67,2
DA:68,2
DA:69,2
DA:70,2
DA:73,1
DA:76,1
DA:77,1
DA:78,1
DA:80,1
DA:83,1
DA:84,1
DA:85,1
DA:86,1
DA:87,1
DA:88,1
DA:93,0
DA:94,0
DA:98,1
DA:101,2
DA:104,4
DA:105,2
DA:106,2
DA:107,2
DA:108,2
DA:109,2
DA:110,1
DA:114,1
DA:120,1
DA:121,0
DA:122,0
DA:123,0
DA:124,0
DA:126,0
DA:129,1
DA:132,1
DA:138,1
DA:140,1
DA:141,1
DA:143,2
DA:148,4
DA:149,2
DA:152,4
DA:158,0
DA:166,0
DA:176,0
DA:186,0
DA:187,0
DA:199,0
DA:206,4
DA:218,0
DA:237,0
LF:59
LH:44
BRDA:70,0,0,1
BRDA:70,0,1,1
BRDA:76,1,0,0
BRDA:76,1,1,1
BRDA:83,2,0,1
BRDA:83,2,1,0
BRDA:94,3,0,0
BRDA:94,3,1,0
BRDA:109,4,0,1
BRDA:109,4,1,1
BRDA:120,5,0,0
BRDA:120,5,1,1
BRDA:121,6,0,0
BRDA:121,6,1,0
BRDA:158,7,0,0
BRDA:158,7,1,0
BRDA:189,8,0,0
BRDA:189,8,1,0
BRDA:224,9,0,2
BRDA:224,9,1,2
BRDA:226,10,0,1
BRDA:226,10,1,1
BRDA:228,11,0,1
BRDA:228,11,1,0
BRF:24
BRH:12
end_of_record
TN:
SF:src/pages/RecurringExpenses.tsx
FN:4,(anonymous_0)
FN:7,(anonymous_1)
FN:16,(anonymous_2)
FN:20,(anonymous_3)
FNF:4
FNH:0
FNDA:0,(anonymous_0)
FNDA:0,(anonymous_1)
FNDA:0,(anonymous_2)
FNDA:0,(anonymous_3)
DA:4,0
DA:5,0
DA:7,0
DA:8,0
DA:11,0
DA:16,0
DA:20,0
LF:7
LH:0
BRF:0
BRH:0
end_of_record
TN:
SF:src/pages/ResidentUnits.tsx
FN:11,(anonymous_0)
FN:23,(anonymous_1)
FN:52,(anonymous_2)
FN:57,(anonymous_3)
FN:68,(anonymous_4)
FN:74,(anonymous_5)
FN:80,(anonymous_6)
FN:90,(anonymous_7)
FN:90,(anonymous_8)
FN:96,(anonymous_9)
FN:98,(anonymous_10)
FN:118,(anonymous_11)
FN:139,(anonymous_12)
FN:146,(anonymous_13)
FNF:14
FNH:9
FNDA:6,(anonymous_0)
FNDA:3,(anonymous_1)
FNDA:3,(anonymous_2)
FNDA:0,(anonymous_3)
FNDA:2,(anonymous_4)
FNDA:2,(anonymous_5)
FNDA:2,(anonymous_6)
FNDA:2,(anonymous_7)
FNDA:1,(anonymous_8)
FNDA:2,(anonymous_9)
FNDA:0,(anonymous_10)
FNDA:0,(anonymous_11)
FNDA:0,(anonymous_12)
FNDA:0,(anonymous_13)
DA:11,1
DA:12,6
DA:13,6
DA:14,6
DA:17,6
DA:18,6
DA:21,6
DA:23,6
DA:24,3
DA:25,3
DA:26,3
DA:27,3
DA:28,3
DA:29,1
DA:32,2
DA:36,2
DA:37,0
DA:40,2
DA:41,2
DA:44,1
DA:45,1
DA:46,1
DA:48,3
DA:52,6
DA:53,3
DA:57,6
DA:58,0
DA:59,0
DA:63,6
DA:68,2
DA:74,2
DA:81,2
DA:90,2
DA:97,2
DA:98,0
DA:106,6
DA:118,0
DA:139,0
DA:146,0
LF:39
LH:32
BRDA:28,0,0,1
BRDA:28,0,1,2
BRDA:36,1,0,0
BRDA:36,1,1,2
BRDA:44,2,0,1
BRDA:44,2,1,0
BRDA:81,3,0,1
BRDA:81,3,1,1
BRDA:82,4,0,1
BRDA:82,4,1,1
BRDA:116,5,0,6
BRDA:116,5,1,5
BRDA:116,5,2,2
BRDA:126,6,0,3
BRDA:126,6,1,3
BRDA:128,7,0,1
BRDA:128,7,1,2
BRDA:130,8,0,1
BRDA:130,8,1,1
BRF:19
BRH:17
end_of_record
TN:
SF:src/pages/Slips.tsx
FN:14,(anonymous_0)
FN:38,(anonymous_1)
FN:41,(anonymous_2)
FN:62,(anonymous_3)
FN:63,(anonymous_4)
FN:94,(anonymous_5)
FN:101,(anonymous_6)
FN:158,(anonymous_7)
FN:162,(anonymous_8)
FN:213,(anonymous_9)
FN:232,(anonymous_10)
FN:271,(anonymous_11)
FN:277,(anonymous_12)
FN:282,(anonymous_13)
FN:296,(anonymous_14)
FN:339,(anonymous_15)
FN:346,(anonymous_16)
FN:354,(anonymous_17)
FN:434,(anonymous_18)
FN:438,(anonymous_19)
FNF:20
FNH:0
FNDA:0,(anonymous_0)
FNDA:0,(anonymous_1)
FNDA:0,(anonymous_2)
FNDA:0,(anonymous_3)
FNDA:0,(anonymous_4)
FNDA:0,(anonymous_5)
FNDA:0,(anonymous_6)
FNDA:0,(anonymous_7)
FNDA:0,(anonymous_8)
FNDA:0,(anonymous_9)
FNDA:0,(anonymous_10)
FNDA:0,(anonymous_11)
FNDA:0,(anonymous_12)
FNDA:0,(anonymous_13)
FNDA:0,(anonymous_14)
FNDA:0,(anonymous_15)
FNDA:0,(anonymous_16)
FNDA:0,(anonymous_17)
FNDA:0,(anonymous_18)
FNDA:0,(anonymous_19)
DA:14,0
DA:16,0
DA:17,0
DA:18,0
DA:19,0
DA:20,0
DA:22,0
DA:23,0
DA:24,0
DA:26,0
DA:27,0
DA:28,0
DA:30,0
DA:31,0
DA:32,0
DA:34,0
DA:35,0
DA:36,0
DA:38,0
DA:41,0
DA:42,0
DA:43,0
DA:45,0
DA:46,0
DA:47,0
DA:48,0
DA:49,0
DA:50,0
DA:52,0
DA:53,0
DA:56,0
DA:57,0
DA:62,0
DA:63,0
DA:64,0
DA:65,0
DA:66,0
DA:67,0
DA:68,0
DA:69,0
DA:71,0
DA:78,0
DA:79,0
DA:80,0
DA:83,0
DA:84,0
DA:85,0
DA:86,0
DA:89,0
DA:90,0
DA:91,0
DA:92,0
DA:94,0
DA:95,0
DA:96,0
DA:97,0
DA:99,0
DA:101,0
DA:107,0
DA:110,0
DA:111,0
DA:114,0
DA:115,0
DA:116,0
DA:118,0
DA:121,0
DA:122,0
DA:123,0
DA:125,0
DA:128,0
DA:129,0
DA:130,0
DA:131,0
DA:133,0
DA:134,0
DA:135,0
DA:136,0
DA:137,0
DA:141,0
DA:142,0
DA:143,0
DA:144,0
DA:145,0
DA:146,0
DA:148,0
DA:151,0
DA:154,0
DA:158,0
DA:159,0
DA:162,0
DA:163,0
DA:164,0
DA:165,0
DA:167,0
DA:168,0
DA:169,0
DA:170,0
DA:173,0
DA:174,0
DA:175,0
DA:177,0
DA:186,0
DA:187,0
DA:188,0
DA:189,0
DA:193,0
DA:194,0
DA:195,0
DA:197,0
DA:200,0
DA:201,0
DA:204,0
DA:205,0
DA:207,0
DA:209,0
DA:213,0
DA:214,0
DA:215,0
DA:216,0
DA:218,0
DA:219,0
DA:220,0
DA:221,0
DA:224,0
DA:225,0
DA:226,0
DA:228,0
DA:229,0
DA:230,0
DA:232,0
DA:233,0
DA:234,0
DA:235,0
DA:238,0
DA:252,0
DA:253,0
DA:254,0
DA:257,0
DA:259,0
DA:260,0
DA:262,0
DA:265,0
DA:266,0
DA:267,0
DA:271,0
DA:273,0
DA:274,0
DA:277,0
DA:278,0
DA:279,0
DA:282,0
DA:283,0
DA:284,0
DA:286,0
DA:287,0
DA:288,0
DA:289,0
DA:291,0
DA:292,0
DA:293,0
DA:294,0
DA:296,0
DA:297,0
DA:298,0
DA:299,0
DA:300,0
DA:301,0
DA:304,0
DA:305,0
DA:307,0
DA:315,0
DA:321,0
DA:322,0
DA:323,0
DA:327,0
DA:329,0
DA:330,0
DA:331,0
DA:332,0
DA:334,0
DA:335,0
DA:336,0
DA:337,0
DA:339,0
DA:340,0
DA:341,0
DA:342,0
DA:344,0
DA:346,0
DA:353,0
DA:354,0
DA:357,0
DA:358,0
DA:359,0
DA:364,0
DA:435,0
DA:436,0
DA:438,0
LF:198
LH:0
BRDA:38,0,0,0
BRDA:38,0,1,0
BRDA:38,0,2,0
BRDA:38,0,3,0
BRDA:46,1,0,0
BRDA:46,1,1,0
BRDA:49,2,0,0
BRDA:49,2,1,0
BRDA:68,3,0,0
BRDA:68,3,1,0
BRDA:78,4,0,0
BRDA:78,4,1,0
BRDA:83,5,0,0
BRDA:83,5,1,0
BRDA:89,6,0,0
BRDA:89,6,1,0
BRDA:111,7,0,0
BRDA:111,7,1,0
BRDA:114,8,0,0
BRDA:114,8,1,0
BRDA:121,9,0,0
BRDA:121,9,1,0
BRDA:123,10,0,0
BRDA:123,10,1,0
BRDA:128,11,0,0
BRDA:128,11,1,0
BRDA:134,12,0,0
BRDA:134,12,1,0
BRDA:136,13,0,0
BRDA:136,13,1,0
BRDA:142,14,0,0
BRDA:142,14,1,0
BRDA:145,15,0,0
BRDA:145,15,1,0
BRDA:159,16,0,0
BRDA:159,16,1,0
BRDA:167,17,0,0
BRDA:167,17,1,0
BRDA:175,18,0,0
BRDA:175,18,1,0
BRDA:186,19,0,0
BRDA:186,19,1,0
BRDA:188,20,0,0
BRDA:188,20,1,0
BRDA:204,21,0,0
BRDA:204,21,1,0
BRDA:213,22,0,0
BRDA:218,23,0,0
BRDA:218,23,1,0
BRDA:226,24,0,0
BRDA:226,24,1,0
BRDA:233,25,0,0
BRDA:233,25,1,0
BRDA:252,26,0,0
BRDA:252,26,1,0
BRDA:254,27,0,0
BRDA:254,27,1,0
BRDA:259,28,0,0
BRDA:259,28,1,0
BRDA:288,29,0,0
BRDA:288,29,1,0
BRDA:289,30,0,0
BRDA:289,30,1,0
BRDA:297,31,0,0
BRDA:297,31,1,0
BRDA:299,32,0,0
BRDA:299,32,1,0
BRDA:299,33,0,0
BRDA:299,33,1,0
BRDA:300,34,0,0
BRDA:300,34,1,0
BRDA:300,35,0,0
BRDA:300,35,1,0
BRDA:305,36,0,0
BRDA:305,36,1,0
BRDA:321,37,0,0
BRDA:321,37,1,0
BRDA:323,38,0,0
BRDA:323,38,1,0
BRDA:357,39,0,0
BRDA:357,39,1,0
BRDA:366,40,0,0
BRDA:366,40,1,0
BRDA:370,41,0,0
BRDA:370,41,1,0
BRDA:376,42,0,0
BRDA:376,42,1,0
BRDA:383,43,0,0
BRDA:383,43,1,0
BRDA:394,44,0,0
BRDA:394,44,1,0
BRF:91
BRH:0
end_of_record
TN:
SF:src/pages/UserProfile.tsx
FN:10,(anonymous_0)
FN:17,(anonymous_1)
FN:45,(anonymous_2)
FN:62,(anonymous_3)
FN:169,(anonymous_4)
FN:202,(anonymous_5)
FN:224,(anonymous_6)
FN:234,(anonymous_7)
FN:236,(anonymous_8)
FNF:9
FNH:0
FNDA:0,(anonymous_0)
FNDA:0,(anonymous_1)
FNDA:0,(anonymous_2)
FNDA:0,(anonymous_3)
FNDA:0,(anonymous_4)
FNDA:0,(anonymous_5)
FNDA:0,(anonymous_6)
FNDA:0,(anonymous_7)
FNDA:0,(anonymous_8)
DA:10,0
DA:11,0
DA:12,0
DA:13,0
DA:14,0
DA:15,0
DA:17,0
DA:18,0
DA:19,0
DA:20,0
DA:25,0
DA:26,0
DA:28,0
DA:29,0
DA:32,0
DA:33,0
DA:34,0
DA:35,0
DA:39,0
DA:41,0
DA:45,0
DA:46,0
DA:47,0
DA:48,0
DA:49,0
DA:50,0
DA:52,0
DA:53,0
DA:54,0
DA:57,0
DA:58,0
DA:62,0
DA:63,0
DA:64,0
DA:65,0
DA:66,0
DA:67,0
DA:69,0
DA:70,0
DA:75,0
DA:76,0
DA:83,0
DA:84,0
DA:91,0
DA:92,0
DA:99,0
DA:169,0
DA:203,0
DA:224,0
DA:234,0
DA:236,0
LF:51
LH:0
BRDA:25,0,0,0
BRDA:25,0,1,0
BRDA:34,1,0,0
BRDA:34,1,1,0
BRDA:47,2,0,0
BRDA:47,2,1,0
BRDA:64,3,0,0
BRDA:64,3,1,0
BRDA:75,4,0,0
BRDA:75,4,1,0
BRDA:83,5,0,0
BRDA:83,5,1,0
BRDA:91,6,0,0
BRDA:91,6,1,0
BRDA:114,7,0,0
BRDA:114,7,1,0
BRDA:116,8,0,0
BRDA:116,8,1,0
BRDA:127,9,0,0
BRDA:127,9,1,0
BRDA:153,10,0,0
BRDA:153,10,1,0
BRDA:161,11,0,0
BRDA:161,11,1,0
BRDA:180,12,0,0
BRDA:180,12,1,0
BRDA:192,13,0,0
BRDA:192,13,1,0
BRDA:200,14,0,0
BRDA:200,14,1,0
BRF:30
BRH:0
end_of_record
TN:
SF:src/pages/UserProfiles.tsx
FN:7,UserProfiles
FNF:1
FNH:0
FNDA:0,UserProfiles
DA:8,0
LF:1
LH:0
BRF:0
BRH:0
end_of_record
TN:
SF:src/pages/Users.tsx
FN:9,Users
FN:14,(anonymous_1)
FN:15,(anonymous_2)
FN:50,(anonymous_3)
FN:64,(anonymous_4)
FN:73,(anonymous_5)
FN:81,(anonymous_6)
FNF:7
FNH:0
FNDA:0,Users
FNDA:0,(anonymous_1)
FNDA:0,(anonymous_2)
FNDA:0,(anonymous_3)
FNDA:0,(anonymous_4)
FNDA:0,(anonymous_5)
FNDA:0,(anonymous_6)
DA:10,0
DA:11,0
DA:12,0
DA:14,0
DA:15,0
DA:16,0
DA:17,0
DA:18,0
DA:19,0
DA:20,0
DA:23,0
DA:29,0
DA:30,0
DA:33,0
DA:34,0
DA:36,0
DA:37,0
DA:39,0
DA:43,0
DA:46,0
DA:51,0
DA:65,0
DA:74,0
DA:81,0
DA:82,0
DA:83,0
DA:86,0
DA:87,0
DA:90,0
DA:93,0
LF:30
LH:0
BRDA:19,0,0,0
BRDA:19,0,1,0
BRDA:29,1,0,0
BRDA:29,1,1,0
BRDA:74,2,0,0
BRDA:74,2,1,0
BRDA:75,3,0,0
BRDA:75,3,1,0
BRDA:82,4,0,0
BRDA:82,4,1,0
BRDA:86,5,0,0
BRDA:86,5,1,0
BRF:12
BRH:0
end_of_record
TN:
SF:src/pages/AuthPages/AuthPageLayout.tsx
FN:6,AuthLayout
FNF:1
FNH:0
FNDA:0,AuthLayout
DA:11,0
LF:1
LH:0
BRF:0
BRH:0
end_of_record
TN:
SF:src/pages/AuthPages/SignIn.tsx
FN:5,SignIn
FNF:1
FNH:0
FNDA:0,SignIn
DA:6,0
LF:1
LH:0
BRF:0
BRH:0
end_of_record
TN:
SF:src/pages/AuthPages/SignUp.tsx
FN:5,SignUp
FNF:1
FNH:0
FNDA:0,SignUp
DA:6,0
LF:1
LH:0
BRF:0
BRH:0
end_of_record
TN:
SF:src/pages/Charts/BarChart.tsx
FN:6,BarChart
FNF:1
FNH:0
FNDA:0,BarChart
DA:7,0
LF:1
LH:0
BRF:0
BRH:0
end_of_record
TN:
SF:src/pages/Charts/LineChart.tsx
FN:6,LineChart
FNF:1
FNH:0
FNDA:0,LineChart
DA:7,0
LF:1
LH:0
BRF:0
BRH:0
end_of_record
TN:
SF:src/pages/Dashboard/Home.tsx
FN:11,Home
FN:14,(anonymous_1)
FN:18,(anonymous_2)
FNF:3
FNH:0
FNDA:0,Home
FNDA:0,(anonymous_1)
FNDA:0,(anonymous_2)
DA:12,0
DA:14,0
DA:15,0
DA:18,0
DA:19,0
DA:22,0
DA:26,0
LF:7
LH:0
BRF:0
BRH:0
end_of_record
TN:
SF:src/pages/Forms/FormElements.tsx
FN:14,FormElements
FNF:1
FNH:0
FNDA:0,FormElements
DA:15,0
LF:1
LH:0
BRF:0
BRH:0
end_of_record
TN:
SF:src/pages/OtherPage/NotFound.tsx
FN:5,NotFound
FNF:1
FNH:0
FNDA:0,NotFound
DA:6,0
LF:1
LH:0
BRF:0
BRH:0
end_of_record
TN:
SF:src/pages/Tables/BasicTables.tsx
FN:6,BasicTables
FNF:1
FNH:0
FNDA:0,BasicTables
DA:7,0
LF:1
LH:0
BRF:0
BRH:0
end_of_record
TN:
SF:src/pages/UiElements/Alerts.tsx
FN:6,Alerts
FNF:1
FNH:0
FNDA:0,Alerts
DA:7,0
LF:1
LH:0
BRF:0
BRH:0
end_of_record
TN:
SF:src/pages/UiElements/Avatars.tsx
FN:6,Avatars
FNF:1
FNH:0
FNDA:0,Avatars
DA:7,0
LF:1
LH:0
BRF:0
BRH:0
end_of_record
TN:
SF:src/pages/UiElements/Badges.tsx
FN:7,Badges
FNF:1
FNH:0
FNDA:0,Badges
DA:8,0
LF:1
LH:0
BRF:0
BRH:0
end_of_record
TN:
SF:src/pages/UiElements/Buttons.tsx
FN:7,Buttons
FNF:1
FNH:0
FNDA:0,Buttons
DA:8,0
LF:1
LH:0
BRF:0
BRH:0
end_of_record
TN:
SF:src/pages/UiElements/Images.tsx
FN:8,Images
FNF:1
FNH:0
FNDA:0,Images
DA:9,0
LF:1
LH:0
BRF:0
BRH:0
end_of_record
TN:
SF:src/pages/UiElements/Videos.tsx
FN:9,Videos
FNF:1
FNH:0
FNDA:0,Videos
DA:10,0
LF:1
LH:0
BRF:0
BRH:0
end_of_record
TN:
SF:src/types/accountApi.ts
FNF:0
FNH:0
LF:0
LH:0
BRF:0
BRH:0
end_of_record
TN:
SF:src/types/index.ts
FNF:0
FNH:0
LF:0
LH:0
BRF:0
BRH:0
end_of_record
TN:
SF:src/types/residentUnit.ts
FNF:0
FNH:0
LF:0
LH:0
BRF:0
BRH:0
end_of_record
TN:
SF:src/types/user.ts
FNF:0
FNH:0
LF:0
LH:0
BRF:0
BRH:0
end_of_record
TN:
SF:src/types/userApi.ts
FNF:0
FNH:0
LF:0
LH:0
BRF:0
BRH:0
end_of_record
TN:
SF:src/utils/catalogCache.ts
FN:13,parseListResponse
FN:26,prefetchCatalogTypes
FN:55,readCachedExpenseTypes
FN:65,readCachedIncomeTypes
FNF:4
FNH:2
FNDA:1,parseListResponse
FNDA:0,prefetchCatalogTypes
FNDA:0,readCachedExpenseTypes
FNDA:2,readCachedIncomeTypes
DA:5,3
DA:6,3
DA:8,3
DA:14,1
DA:15,0
DA:16,0
DA:17,0
DA:18,0
DA:20,0
DA:27,0
DA:29,0
DA:34,0
DA:35,0
DA:36,0
DA:37,0
DA:38,0
DA:44,0
DA:45,0
DA:46,0
DA:47,0
DA:48,0
DA:56,0
DA:57,0
DA:58,0
DA:59,0
DA:61,0
DA:66,2
DA:67,2
DA:68,2
DA:69,0
DA:71,0
LF:31
LH:7
BRDA:14,0,0,1
BRDA:14,0,1,0
BRDA:15,1,0,0
BRDA:15,1,1,0
BRDA:15,2,0,0
BRDA:15,2,1,0
BRDA:17,3,0,0
BRDA:17,3,1,0
BRDA:18,4,0,0
BRDA:18,4,1,0
BRDA:34,5,0,0
BRDA:34,5,1,0
BRDA:44,6,0,0
BRDA:44,6,1,0
BRDA:58,7,0,0
BRDA:58,7,1,0
BRDA:68,8,0,2
BRDA:68,8,1,0
BRF:18
BRH:2
end_of_record
